Log file open, 11/15/16 12:46:02
LogInit:Display: Running engine for game: Tesla_Experience
LogPlatformFile: Not using cached read wrapper
LogInit:Display: RandInit(178489080) SRandInit(178489080).
LogTaskGraph: Started task graph with 5 named threads and 8 total threads with 1 sets of task threads.
LogStats: Stats thread started at 0.084455
LogPluginManager: Loaded Plugin Paper2D, From C:/Program Files (x86)/Epic Games/4.13/Engine/Plugins/2D/Paper2D/Paper2D.uplugin
LogPluginManager: Loaded Plugin LightPropagationVolume, From C:/Program Files (x86)/Epic Games/4.13/Engine/Plugins/Blendables/LightPropagationVolume/LightPropagationVolume.uplugin
LogPluginManager: Loaded Plugin BlankPlugin, From C:/Program Files (x86)/Epic Games/4.13/Engine/Plugins/Developer/BlankPlugin/BlankPlugin.uplugin
LogPluginManager: Loaded Plugin CodeLiteSourceCodeAccess, From C:/Program Files (x86)/Epic Games/4.13/Engine/Plugins/Developer/CodeLiteSourceCodeAccess/CodeLiteSourceCodeAccess.uplugin
LogPluginManager: Loaded Plugin GitSourceControl, From C:/Program Files (x86)/Epic Games/4.13/Engine/Plugins/Developer/GitSourceControl/GitSourceControl.uplugin
LogPluginManager: Loaded Plugin KDevelopSourceCodeAccess, From C:/Program Files (x86)/Epic Games/4.13/Engine/Plugins/Developer/KDevelopSourceCodeAccess/KDevelopSourceCodeAccess.uplugin
LogPluginManager: Loaded Plugin NullSourceCodeAccess, From C:/Program Files (x86)/Epic Games/4.13/Engine/Plugins/Developer/NullSourceCodeAccess/NullSourceCodeAccess.uplugin
LogPluginManager: Loaded Plugin OneSkyLocalizationService, From C:/Program Files (x86)/Epic Games/4.13/Engine/Plugins/Developer/OneSkyLocalizationService/OneSkyLocalizationService.uplugin
LogPluginManager: Loaded Plugin PerforceSourceControl, From C:/Program Files (x86)/Epic Games/4.13/Engine/Plugins/Developer/PerforceSourceControl/PerforceSourceControl.uplugin
LogPluginManager: Loaded Plugin SubversionSourceControl, From C:/Program Files (x86)/Epic Games/4.13/Engine/Plugins/Developer/SubversionSourceControl/SubversionSourceControl.uplugin
LogPluginManager: Loaded Plugin UObjectPlugin, From C:/Program Files (x86)/Epic Games/4.13/Engine/Plugins/Developer/UObjectPlugin/UObjectPlugin.uplugin
LogPluginManager: Loaded Plugin VisualStudioSourceCodeAccess, From C:/Program Files (x86)/Epic Games/4.13/Engine/Plugins/Developer/VisualStudioSourceCodeAccess/VisualStudioSourceCodeAccess.uplugin
LogPluginManager: Loaded Plugin XCodeSourceCodeAccess, From C:/Program Files (x86)/Epic Games/4.13/Engine/Plugins/Developer/XCodeSourceCodeAccess/XCodeSourceCodeAccess.uplugin
LogPluginManager: Loaded Plugin EpicSurvey, From C:/Program Files (x86)/Epic Games/4.13/Engine/Plugins/Editor/EpicSurvey/EpicSurvey.uplugin
LogPluginManager: Loaded Plugin MacGraphicsSwitching, From C:/Program Files (x86)/Epic Games/4.13/Engine/Plugins/Editor/MacGraphicsSwitching/MacGraphicsSwitching.uplugin
LogPluginManager: Loaded Plugin MobileLauncherProfileWizard, From C:/Program Files (x86)/Epic Games/4.13/Engine/Plugins/Editor/MobileLauncherProfileWizard/MobileLauncherProfileWizard.uplugin
LogPluginManager: Loaded Plugin PluginBrowser, From C:/Program Files (x86)/Epic Games/4.13/Engine/Plugins/Editor/PluginBrowser/PluginBrowser.uplugin
LogPluginManager: Loaded Plugin SpeedTreeImporter, From C:/Program Files (x86)/Epic Games/4.13/Engine/Plugins/Editor/SpeedTreeImporter/SpeedTreeImporter.uplugin
LogPluginManager: Loaded Plugin SuperSearchEditor, From C:/Program Files (x86)/Epic Games/4.13/Engine/Plugins/Editor/SuperSearchEditor/SuperSearchEditor.uplugin
LogPluginManager: Loaded Plugin AlembicImporter, From C:/Program Files (x86)/Epic Games/4.13/Engine/Plugins/Experimental/AlembicImporter/AlembicImporter.uplugin
LogPluginManager: Loaded Plugin BlueprintStats, From C:/Program Files (x86)/Epic Games/4.13/Engine/Plugins/Experimental/BlueprintStats/BlueprintStats.uplugin
LogPluginManager: Loaded Plugin CharacterAI, From C:/Program Files (x86)/Epic Games/4.13/Engine/Plugins/Experimental/CharacterAI/CharacterAI.uplugin
LogPluginManager: Loaded Plugin CodeEditor, From C:/Program Files (x86)/Epic Games/4.13/Engine/Plugins/Experimental/CodeEditor/CodeEditor.uplugin
LogPluginManager: Loaded Plugin CodeView, From C:/Program Files (x86)/Epic Games/4.13/Engine/Plugins/Experimental/CodeView/CodeView.uplugin
LogPluginManager: Loaded Plugin HTML5Networking, From C:/Program Files (x86)/Epic Games/4.13/Engine/Plugins/Experimental/HTML5Networking/HTML5Networking.uplugin
LogPluginManager: Loaded Plugin LiveEditor, From C:/Program Files (x86)/Epic Games/4.13/Engine/Plugins/Experimental/LiveEditor/LiveEditor.uplugin
LogPluginManager: Loaded Plugin OSVR, From C:/Program Files (x86)/Epic Games/4.13/Engine/Plugins/Experimental/OSVR/OSVR.uplugin
LogPluginManager: Loaded Plugin Phya, From C:/Program Files (x86)/Epic Games/4.13/Engine/Plugins/Experimental/Phya/Phya.uplugin
LogPluginManager: Loaded Plugin SignificanceManager, From C:/Program Files (x86)/Epic Games/4.13/Engine/Plugins/Experimental/SignificanceManager/SignificanceManager.uplugin
LogPluginManager: Loaded Plugin SimpleHMD, From C:/Program Files (x86)/Epic Games/4.13/Engine/Plugins/Experimental/SimpleHMD/SimpleHMD.uplugin
LogPluginManager: Loaded Plugin StereoPanorama, From C:/Program Files (x86)/Epic Games/4.13/Engine/Plugins/Experimental/StereoPanorama/StereoPanorama.uplugin
LogPluginManager: Loaded Plugin StructBox, From C:/Program Files (x86)/Epic Games/4.13/Engine/Plugins/Experimental/StructBox/StructBox.uplugin
LogPluginManager: Loaded Plugin AndroidMedia, From C:/Program Files (x86)/Epic Games/4.13/Engine/Plugins/Media/AndroidMedia/AndroidMedia.uplugin
LogPluginManager: Loaded Plugin AvfMedia, From C:/Program Files (x86)/Epic Games/4.13/Engine/Plugins/Media/AvfMedia/AvfMedia.uplugin
LogPluginManager: Loaded Plugin MediaPlayerEditor, From C:/Program Files (x86)/Epic Games/4.13/Engine/Plugins/Media/MediaPlayerEditor/MediaPlayerEditor.uplugin
LogPluginManager: Loaded Plugin WmfMedia, From C:/Program Files (x86)/Epic Games/4.13/Engine/Plugins/Media/WmfMedia/WmfMedia.uplugin
LogPluginManager: Loaded Plugin MessagingDebugger, From C:/Program Files (x86)/Epic Games/4.13/Engine/Plugins/Messaging/MessagingDebugger/MessagingDebugger.uplugin
LogPluginManager: Loaded Plugin TcpMessaging, From C:/Program Files (x86)/Epic Games/4.13/Engine/Plugins/Messaging/TcpMessaging/TcpMessaging.uplugin
LogPluginManager: Loaded Plugin UdpMessaging, From C:/Program Files (x86)/Epic Games/4.13/Engine/Plugins/Messaging/UdpMessaging/UdpMessaging.uplugin
LogPluginManager: Loaded Plugin LevelSequenceEditor, From C:/Program Files (x86)/Epic Games/4.13/Engine/Plugins/MovieScene/LevelSequenceEditor/LevelSequenceEditor.uplugin
LogPluginManager: Loaded Plugin MatineeToLevelSequence, From C:/Program Files (x86)/Epic Games/4.13/Engine/Plugins/MovieScene/MatineeToLevelSequence/MatineeToLevelSequence.uplugin
LogPluginManager: Loaded Plugin NetcodeUnitTest, From C:/Program Files (x86)/Epic Games/4.13/Engine/Plugins/NetcodeUnitTest/NetcodeUnitTest/NetcodeUnitTest.uplugin
LogPluginManager: Loaded Plugin NUTUnrealEngine4, From C:/Program Files (x86)/Epic Games/4.13/Engine/Plugins/NetcodeUnitTest/NUTUnrealEngine4/NUTUnrealEngine4.uplugin
LogPluginManager: Loaded Plugin OnlineSubsystemGooglePlay, From C:/Program Files (x86)/Epic Games/4.13/Engine/Plugins/Online/Android/OnlineSubsystemGooglePlay/OnlineSubsystemGooglePlay.uplugin
LogPluginManager: Loaded Plugin OnlineSubsystemIOS, From C:/Program Files (x86)/Epic Games/4.13/Engine/Plugins/Online/IOS/OnlineSubsystemIOS/OnlineSubsystemIOS.uplugin
LogPluginManager: Loaded Plugin OnlineFramework, From C:/Program Files (x86)/Epic Games/4.13/Engine/Plugins/Online/OnlineFramework/OnlineFramework.uplugin
LogPluginManager: Loaded Plugin OnlineSubsystem, From C:/Program Files (x86)/Epic Games/4.13/Engine/Plugins/Online/OnlineSubsystem/OnlineSubsystem.uplugin
LogPluginManager: Loaded Plugin OnlineSubsystemAmazon, From C:/Program Files (x86)/Epic Games/4.13/Engine/Plugins/Online/OnlineSubsystemAmazon/OnlineSubsystemAmazon.uplugin
LogPluginManager: Loaded Plugin OnlineSubsystemFacebook, From C:/Program Files (x86)/Epic Games/4.13/Engine/Plugins/Online/OnlineSubsystemFacebook/OnlineSubsystemFacebook.uplugin
LogPluginManager: Loaded Plugin OnlineSubsystemNull, From C:/Program Files (x86)/Epic Games/4.13/Engine/Plugins/Online/OnlineSubsystemNull/OnlineSubsystemNull.uplugin
LogPluginManager: Loaded Plugin OnlineSubsystemOculus, From C:/Program Files (x86)/Epic Games/4.13/Engine/Plugins/Online/OnlineSubsystemOculus/OnlineSubsystemOculus.uplugin
LogPluginManager: Loaded Plugin OnlineSubsystemSteam, From C:/Program Files (x86)/Epic Games/4.13/Engine/Plugins/Online/OnlineSubsystemSteam/OnlineSubsystemSteam.uplugin
LogPluginManager: Loaded Plugin OnlineSubsystemUtils, From C:/Program Files (x86)/Epic Games/4.13/Engine/Plugins/Online/OnlineSubsystemUtils/OnlineSubsystemUtils.uplugin
LogPluginManager: Loaded Plugin IOSTapJoy, From C:/Program Files (x86)/Epic Games/4.13/Engine/Plugins/Runtime/Advertising/IOSTapJoy/IOSTapJoy.uplugin
LogPluginManager: Loaded Plugin AnalyticsBlueprintLibrary, From C:/Program Files (x86)/Epic Games/4.13/Engine/Plugins/Runtime/Analytics/AnalyticsBlueprintLibrary/AnalyticsBlueprintLibrary.uplugin
LogPluginManager: Loaded Plugin AnalyticsMulticast, From C:/Program Files (x86)/Epic Games/4.13/Engine/Plugins/Runtime/Analytics/AnalyticsMulticast/AnalyticsMulticast.uplugin
LogPluginManager: Loaded Plugin Apsalar, From C:/Program Files (x86)/Epic Games/4.13/Engine/Plugins/Runtime/Analytics/Apsalar/Apsalar.uplugin
LogPluginManager: Loaded Plugin FileLogging, From C:/Program Files (x86)/Epic Games/4.13/Engine/Plugins/Runtime/Analytics/FileLogging/FileLogging.uplugin
LogPluginManager: Loaded Plugin Flurry, From C:/Program Files (x86)/Epic Games/4.13/Engine/Plugins/Runtime/Analytics/Flurry/Flurry.uplugin
LogPluginManager: Loaded Plugin AndroidDeviceProfileSelector, From C:/Program Files (x86)/Epic Games/4.13/Engine/Plugins/Runtime/AndroidDeviceProfileSelector/AndroidDeviceProfileSelector.uplugin
LogPluginManager: Loaded Plugin AndroidMoviePlayer, From C:/Program Files (x86)/Epic Games/4.13/Engine/Plugins/Runtime/AndroidMoviePlayer/AndroidMoviePlayer.uplugin
LogPluginManager: Loaded Plugin AppleMoviePlayer, From C:/Program Files (x86)/Epic Games/4.13/Engine/Plugins/Runtime/AppleMoviePlayer/AppleMoviePlayer.uplugin
LogPluginManager: Loaded Plugin ArchVisCharacter, From C:/Program Files (x86)/Epic Games/4.13/Engine/Plugins/Runtime/ArchVisCharacter/ArchVisCharacter.uplugin
LogPluginManager: Loaded Plugin CableComponent, From C:/Program Files (x86)/Epic Games/4.13/Engine/Plugins/Runtime/CableComponent/CableComponent.uplugin
LogPluginManager: Loaded Plugin CustomMeshComponent, From C:/Program Files (x86)/Epic Games/4.13/Engine/Plugins/Runtime/CustomMeshComponent/CustomMeshComponent.uplugin
LogPluginManager: Loaded Plugin ExampleDeviceProfileSelector, From C:/Program Files (x86)/Epic Games/4.13/Engine/Plugins/Runtime/ExampleDeviceProfileSelector/ExampleDeviceProfileSelector.uplugin
LogPluginManager: Loaded Plugin GearVR, From C:/Program Files (x86)/Epic Games/4.13/Engine/Plugins/Runtime/GearVR/GearVR.uplugin
LogPluginManager: Loaded Plugin GoogleVRController, From C:/Program Files (x86)/Epic Games/4.13/Engine/Plugins/Runtime/GoogleVR/GoogleVRController/GoogleVRController.uplugin
LogPluginManager: Loaded Plugin GoogleVRHMD, From C:/Program Files (x86)/Epic Games/4.13/Engine/Plugins/Runtime/GoogleVR/GoogleVRHMD/GoogleVRHMD.uplugin
LogPluginManager: Loaded Plugin IOSDeviceProfileSelector, From C:/Program Files (x86)/Epic Games/4.13/Engine/Plugins/Runtime/IOSDeviceProfileSelector/IOSDeviceProfileSelector.uplugin
LogPluginManager: Loaded Plugin LeapMotion, From C:/Program Files (x86)/Epic Games/4.13/Engine/Plugins/Runtime/LeapMotion/LeapMotion.uplugin
LogPluginManager: Loaded Plugin LinuxDeviceProfileSelector, From C:/Program Files (x86)/Epic Games/4.13/Engine/Plugins/Runtime/LinuxDeviceProfileSelector/LinuxDeviceProfileSelector.uplugin
LogPluginManager: Loaded Plugin LiveEditorListenServer, From C:/Program Files (x86)/Epic Games/4.13/Engine/Plugins/Runtime/LiveEditorListenServer/LiveEditorListenServer.uplugin
LogPluginManager: Loaded Plugin OculusAudio, From C:/Program Files (x86)/Epic Games/4.13/Engine/Plugins/Runtime/OculusAudio/OculusAudio.uplugin
LogPluginManager: Loaded Plugin OculusInput, From C:/Program Files (x86)/Epic Games/4.13/Engine/Plugins/Runtime/OculusInput/OculusInput.uplugin
LogPluginManager: Loaded Plugin OculusLibrary, From C:/Program Files (x86)/Epic Games/4.13/Engine/Plugins/Runtime/OculusLibrary/OculusLibrary.uplugin
LogPluginManager: Loaded Plugin OculusRift, From C:/Program Files (x86)/Epic Games/4.13/Engine/Plugins/Runtime/OculusRift/OculusRift.uplugin
LogPluginManager: Loaded Plugin Oodle, From C:/Program Files (x86)/Epic Games/4.13/Engine/Plugins/Runtime/PacketHandlers/CompressionComponents/Oodle/Oodle.uplugin
LogPluginManager: Loaded Plugin ProceduralMeshComponent, From C:/Program Files (x86)/Epic Games/4.13/Engine/Plugins/Runtime/ProceduralMeshComponent/ProceduralMeshComponent.uplugin
LogPluginManager: Loaded Plugin SoundMod, From C:/Program Files (x86)/Epic Games/4.13/Engine/Plugins/Runtime/SoundMod/SoundMod.uplugin
LogPluginManager: Loaded Plugin SoundVisualizations, From C:/Program Files (x86)/Epic Games/4.13/Engine/Plugins/Runtime/SoundVisualizations/SoundVisualizations.uplugin
LogPluginManager: Loaded Plugin SteamController, From C:/Program Files (x86)/Epic Games/4.13/Engine/Plugins/Runtime/Steam/SteamController/SteamController.uplugin
LogPluginManager: Loaded Plugin SteamVR, From C:/Program Files (x86)/Epic Games/4.13/Engine/Plugins/Runtime/Steam/SteamVR/SteamVR.uplugin
LogPluginManager: Loaded Plugin WebBrowserWidget, From C:/Program Files (x86)/Epic Games/4.13/Engine/Plugins/Runtime/WebBrowserWidget/WebBrowserWidget.uplugin
LogPluginManager: Loaded Plugin WindowsDeviceProfileSelector, From C:/Program Files (x86)/Epic Games/4.13/Engine/Plugins/Runtime/WindowsDeviceProfileSelector/WindowsDeviceProfileSelector.uplugin
LogPluginManager: Loaded Plugin WindowsMoviePlayer, From C:/Program Files (x86)/Epic Games/4.13/Engine/Plugins/Runtime/WindowsMoviePlayer/WindowsMoviePlayer.uplugin
LogPluginManager: Loaded Plugin ScriptPlugin, From C:/Program Files (x86)/Epic Games/4.13/Engine/Plugins/ScriptPlugin/ScriptPlugin.uplugin
LogPluginManager: Loaded Plugin SlateRemote, From C:/Program Files (x86)/Epic Games/4.13/Engine/Plugins/Slate/SlateRemote/SlateRemote.uplugin
LogInit: Using libcurl 7.47.1
LogInit:  - built for x86_64-pc-win32
LogInit:  - supports SSL with WinSSL
LogInit:  - other features:
LogInit:      CURL_VERSION_SSL
LogInit:      CURL_VERSION_IPV6
LogInit:      CURL_VERSION_ASYNCHDNS
LogInit:      CURL_VERSION_LARGEFILE
LogInit:      CURL_VERSION_IDN
LogInit:  CurlRequestOptions (configurable via config and command line):
LogInit:  - bVerifyPeer = false  - Libcurl will NOT verify peer certificate
LogInit:  - bUseHttpProxy = false  - Libcurl will NOT use HTTP proxy
LogInit:  - bDontReuseConnections = false  - Libcurl will reuse connections
LogInit:  - CertBundlePath = nullptr  - Libcurl will use whatever was configured at build time.
OCULUS: Info: [CAPI] LibOVR module is located at C:\Program Files\Oculus\Support\oculus-runtime\LibOVRRT64_1.dll
OCULUS: Debug: Connected to the server running version (prod = 1).1.10.0(build = 309114) feature version = 0. Client runs version (prod = 1).1.10.0(build = 309114) feature version = 0
LogInit: Build: ++UE4+Release-4.13-CL-3172292
LogInit: Engine Version: 4.13.2-3172292+++UE4+Release-4.13
LogInit: Compatible Engine Version: 4.13.0-3106830+++UE4+Release-4.13
LogInit: Net CL: 3172292
LogDevObjectVersion: Number of dev versions registered: 13
LogDevObjectVersion:   Dev-Blueprints (B0D832E4-1F89-4F0D-ACCF-7EB736FD4AA2): 5
LogDevObjectVersion:   Dev-Build (E1C64328-A22C-4D53-A36C-8E866417BD8C): 0
LogDevObjectVersion:   Dev-Core (375EC13C-06E4-48FB-B500-84F0262A717E): 1
LogDevObjectVersion:   Dev-Editor (E4B068ED-F494-42E9-A231-DA0B2E46BB41): 6
LogDevObjectVersion:   Dev-Framework (CFFC743F-43B0-4480-9391-14DF171D2073): 12
LogDevObjectVersion:   Dev-Mobile (B02B49B5-BB20-44E9-A304-32B752E40360): 0
LogDevObjectVersion:   Dev-Networking (A4E4105C-59A1-49B5-A7C5-40C4547EDFEE): 0
LogDevObjectVersion:   Dev-Online (39C831C9-5AE6-47DC-9A44-9C173E1C8E7C): 0
LogDevObjectVersion:   Dev-Physics (78F01B33-EBEA-4F98-B9B4-84EACCB95AA2): 0
LogDevObjectVersion:   Dev-Platform (6631380F-2D4D-43E0-8009-CF276956A95A): 0
LogDevObjectVersion:   Dev-Rendering (12F88B9F-8875-4AFC-A67C-D90C383ABD29): 4
LogDevObjectVersion:   Dev-Sequencer (7B5AE74C-D270-4C10-A958-57980B212A5A): 0
LogDevObjectVersion:   Dev-VR (D7296918-1DD6-4BDD-9DE2-64A83CC13884): 0
LogInit: Compiled (64-bit): Oct 24 2016 14:29:06
LogInit: Compiled with Visual C++: 19.00.23026.00
LogInit: Build Configuration: Development
LogInit: Branch Name: ++UE4+Release-4.13
LogInit: Command line:  
LogInit: Base directory: C:/Program Files (x86)/Epic Games/4.13/Engine/Binaries/Win64/
LogInit: Installed Engine Build: 1
LogInit: Presizing for max 8388607 objects, including 0 objects not considered by GC, pre-allocating 0 bytes for permanent pool.
LogInit: Object subsystem initialized
[2016.11.15-11.46.03:260][  0]LogInit: Selected Device Profile: [Windows]
[2016.11.15-11.46.03:260][  0]LogInit: Applying CVar settings loaded from the selected device profile: [Windows]
[2016.11.15-11.46.03:271][  0]LogInit: Computer: LAPTOPSAM
[2016.11.15-11.46.03:271][  0]LogInit: User: LaptopSam
[2016.11.15-11.46.03:271][  0]LogInit: CPU Page size=65536, Cores=4
[2016.11.15-11.46.03:271][  0]LogInit: High frequency timer resolution =2.241012 MHz
[2016.11.15-11.46.03:271][  0]LogMemory: Memory total: Physical=7.9GB (8GB approx)
[2016.11.15-11.46.03:272][  0]LogMemory: Platform Memory Stats for Windows
[2016.11.15-11.46.03:272][  0]LogMemory: Process Physical Memory: 264.86 MB used, 264.86 MB peak
[2016.11.15-11.46.03:272][  0]LogMemory: Process Virtual Memory: 266.54 MB used, 266.54 MB peak
[2016.11.15-11.46.03:272][  0]LogMemory: Physical Memory: 3618.00 MB used, 8077.83 MB total
[2016.11.15-11.46.03:272][  0]LogMemory: Virtual Memory: 675.23 MB used, 134217728.00 MB total
[2016.11.15-11.46.03:314][  0]LogTextLocalizationManager: No translations for ('nl-NL') exist, falling back to 'en' for localization and internationalization data.
[2016.11.15-11.46.04:184][  0]LogD3D11RHI: D3D11 adapters:
[2016.11.15-11.46.04:239][  0]LogD3D11RHI:    0. 'NVIDIA GeForce GT 650M' (Feature Level 11_0)
[2016.11.15-11.46.04:239][  0]LogD3D11RHI:       2017/0/4038 MB DedicatedVideo/DedicatedSystem/SharedSystem, Outputs:1, VendorId:0x10de
[2016.11.15-11.46.04:243][  0]LogD3D11RHI:    1. 'Intel(R) HD Graphics 4000' (Feature Level 11_0)
[2016.11.15-11.46.04:243][  0]LogD3D11RHI:       32/0/1760 MB DedicatedVideo/DedicatedSystem/SharedSystem, Outputs:0, VendorId:0x8086
[2016.11.15-11.46.04:245][  0]LogD3D11RHI:    2. 'Microsoft Basic Render Driver' (Feature Level 11_0)
[2016.11.15-11.46.04:245][  0]LogD3D11RHI:       0/0/4038 MB DedicatedVideo/DedicatedSystem/SharedSystem, Outputs:0, VendorId:0x1414
[2016.11.15-11.46.04:245][  0]LogD3D11RHI: Chosen D3D11 Adapter: 0
[2016.11.15-11.46.04:250][  0]LogD3D11RHI: Creating new Direct3DDevice
[2016.11.15-11.46.04:251][  0]LogD3D11RHI:     GPU DeviceId: 0xfd1 (for the marketing name, search the web for "GPU Device Id")
[2016.11.15-11.46.04:251][  0]LogWindows: EnumDisplayDevices:
[2016.11.15-11.46.04:251][  0]LogWindows:    0. 'Intel(R) HD Graphics 4000' (P:1 D:1)
[2016.11.15-11.46.04:251][  0]LogWindows:    1. 'Intel(R) HD Graphics 4000' (P:0 D:0)
[2016.11.15-11.46.04:251][  0]LogWindows:    2. 'Intel(R) HD Graphics 4000' (P:0 D:0)
[2016.11.15-11.46.04:252][  0]LogWindows:    3. 'NVIDIA GeForce GT 650M' (P:0 D:0)
[2016.11.15-11.46.04:252][  0]LogWindows: DebugString: PrimaryIsNotTheChoosenAdapter PrimaryIsNotTheChoosenAdapter PrimaryIsNotTheChoosenAdapter 
[2016.11.15-11.46.04:252][  0]LogD3D11RHI:     Adapter Name: NVIDIA GeForce GT 650M
[2016.11.15-11.46.04:252][  0]LogD3D11RHI:   Driver Version: 372.90 (internal:21.21.13.7290, unified:372.90)
[2016.11.15-11.46.04:252][  0]LogD3D11RHI:      Driver Date: 9-16-2016
[2016.11.15-11.46.04:252][  0]LogRHI: Texture pool is 1361 MB (70% of 1945 MB)
[2016.11.15-11.46.04:274][  0]LogD3D11RHI: Async texture creation enabled
[2016.11.15-11.46.04:293][  0]LogD3D11RHI: GPU Timing Frequency: 1000.000000 (Debug: 2 2)
[2016.11.15-11.46.04:293][  0]LogShaderCompilers: Guid format shader working directory is -40 characters bigger than the processId version (../../../../../../Users/Laptop Sam/Documents/GitHub/VR_experience_final/Tesla_Experience/Intermediate/Shaders/WorkingDirectory/13092/).
[2016.11.15-11.46.04:294][  0]LogShaderCompilers: Cleaned the shader compiler working directory 'C:/Users/LAPTOP~1/AppData/Local/Temp/UnrealShaderWorkingDir/A21FD9A8480F7FB36A644A8D23036408/'.
[2016.11.15-11.46.04:294][  0]LogShaderCompilers:Display: Using Local Shader Compiler.
[2016.11.15-11.46.05:593][  0]LogTemp:Display: Loaded TP AllDesktopTargetPlatform
[2016.11.15-11.46.05:610][  0]LogTemp:Display: Loaded TP WindowsClientTargetPlatform
[2016.11.15-11.46.05:623][  0]LogTemp:Display: Loaded TP WindowsNoEditorTargetPlatform
[2016.11.15-11.46.05:636][  0]LogTemp:Display: Loaded TP WindowsServerTargetPlatform
[2016.11.15-11.46.05:648][  0]LogTemp:Display: Loaded TP WindowsTargetPlatform
[2016.11.15-11.46.05:657][  0]LogTemp:Display: Loaded TP AndroidTargetPlatform
[2016.11.15-11.46.05:666][  0]LogTemp:Display: Loaded TP Android_ASTCTargetPlatform
[2016.11.15-11.46.05:675][  0]LogTemp:Display: Loaded TP Android_ATCTargetPlatform
[2016.11.15-11.46.05:683][  0]LogTemp:Display: Loaded TP Android_DXTTargetPlatform
[2016.11.15-11.46.05:692][  0]LogTemp:Display: Loaded TP Android_ETC1TargetPlatform
[2016.11.15-11.46.05:701][  0]LogTemp:Display: Loaded TP Android_ETC2TargetPlatform
[2016.11.15-11.46.05:722][  0]LogTemp:Display: Loaded TP Android_MultiTargetPlatform
[2016.11.15-11.46.05:722][  0]LogTemp:Display: Loaded TP Android_PVRTCTargetPlatform
[2016.11.15-11.46.05:724][  0]LogTemp:Display: Loaded TP HTML5TargetPlatform
[2016.11.15-11.46.05:749][  0]LogTemp:Display: Loaded TP IOSTargetPlatform
[2016.11.15-11.46.05:758][  0]LogTemp:Display: Loaded TP TVOSTargetPlatform
[2016.11.15-11.46.05:766][  0]LogTemp:Display: Loaded TP LinuxClientTargetPlatform
[2016.11.15-11.46.05:775][  0]LogTemp:Display: Loaded TP LinuxNoEditorTargetPlatform
[2016.11.15-11.46.05:784][  0]LogTemp:Display: Loaded TP LinuxServerTargetPlatform
[2016.11.15-11.46.05:794][  0]LogTemp:Display: Loaded TP LinuxTargetPlatform
[2016.11.15-11.46.05:794][  0]LogTargetPlatformManager:Display: Building Assets For Windows
[2016.11.15-11.46.05:910][  0]LogDerivedDataCache:Display: Max Cache Size: 512 MB
[2016.11.15-11.46.05:985][  0]LogDerivedDataCache: Loaded boot cache 0.07s 62MB C:/Users/Laptop Sam/AppData/Local/UnrealEngine/4.13/DerivedDataCache/Boot.ddc.
[2016.11.15-11.46.05:985][  0]LogDerivedDataCache:Display: Loaded Boot cache: C:/Users/Laptop Sam/AppData/Local/UnrealEngine/4.13/DerivedDataCache/Boot.ddc
[2016.11.15-11.46.05:985][  0]LogDerivedDataCache: FDerivedDataBackendGraph:  Pak pak cache file ../../../../../../Users/Laptop Sam/Documents/GitHub/VR_experience_final/Tesla_Experience/DerivedDataCache/DDC.ddp not found, will not use a pak cache.
[2016.11.15-11.46.05:985][  0]LogDerivedDataCache: Unable to find inner node Pak for hierarchical cache Hierarchy.
[2016.11.15-11.46.05:986][  0]LogDerivedDataCache: FDerivedDataBackendGraph:  CompressedPak pak cache file ../../../../../../Users/Laptop Sam/Documents/GitHub/VR_experience_final/Tesla_Experience/DerivedDataCache/Compressed.ddp not found, will not use a pak cache.
[2016.11.15-11.46.05:986][  0]LogDerivedDataCache: Unable to find inner node CompressedPak for hierarchical cache Hierarchy.
[2016.11.15-11.46.06:006][  0]LogDerivedDataCache:Display: Pak cache opened for reading ../../../Engine/DerivedDataCache/Compressed.ddp.
[2016.11.15-11.46.06:018][  0]LogDerivedDataCache: Using Local data cache path C:/Users/Laptop Sam/AppData/Local/UnrealEngine/Common/DerivedDataCache: Writable
[2016.11.15-11.46.06:333][  0]LogInit: Selected Device Profile: [Windows]
[2016.11.15-11.46.06:338][  0]LogContentStreaming: Texture pool size is 0.00 MB
[2016.11.15-11.46.06:460][  0]LogMeshUtilities: No automatic mesh reduction module available
[2016.11.15-11.46.06:460][  0]LogMeshUtilities: No automatic mesh merging module available
[2016.11.15-11.46.06:460][  0]LogMeshUtilities: No distributed automatic mesh merging module available
[2016.11.15-11.46.06:558][  0]LogMaterial: Uniform references updated for custom material expression Custom.
[2016.11.15-11.46.06:935][  0]LogNetVersion: GetLocalNetworkVersion: CL: 3106830, ProjectName: tesla_experience, ProjectVersion: , EngineNetworkVersion: 1, GameNetworkVersion: 0, NetworkChecksum: 1777360890
[2016.11.15-11.46.06:978][  0]LogAssetRegistry: FAssetRegistry took 0.0217 seconds to start up
[2016.11.15-11.46.06:999][  0]LogPackageLocalizationCache: Processed 3 localized package path(s) for 1 prioritized culture(s) in 0.017717 seconds
[2016.11.15-11.46.07:006][  0]LogUObjectArray: 29778 objects as part of root set at end of initial load.
[2016.11.15-11.46.07:006][  0]LogUObjectAllocator: 6125448 out of 0 bytes used by permanent object pool.
[2016.11.15-11.46.07:006][  0]LogUObjectArray: CloseDisregardForGC: 0/0 objects in disregard for GC pool
[2016.11.15-11.46.07:015][  0]LogInit: WinSock: version 1.1 (2.2), MaxSocks=32767, MaxUdp=65467
[2016.11.15-11.46.07:327][  0]LogSlate: SlateFontCache - WITH_FREETYPE: 1, WITH_HARFBUZZ: 1
[2016.11.15-11.46.07:327][  0]LogSlate: SlateFontCache - WITH_FREETYPE: 1, WITH_HARFBUZZ: 1
[2016.11.15-11.46.08:478][  0]LogTcpMessaging: Initializing TcpMessaging bridge
[2016.11.15-11.46.08:504][  0]LogUdpMessaging: Initializing bridge on interface 0.0.0.0:0 to multicast group 230.0.0.1:6666.
[2016.11.15-11.46.08:839][  0]SourceControl: Info Source control is disabled
[2016.11.15-11.46.08:841][  0]SourceControl: Info Source control is disabled
[2016.11.15-11.46.08:856][  0]SourceControl: Info Source control is disabled
[2016.11.15-11.46.08:872][  0]SourceControl: Info Source control is disabled
[2016.11.15-11.46.09:462][  0]LogEngine: Initializing Engine...
[2016.11.15-11.46.09:463][  0]LogHMD: Oculus plugin initialized. Version: 4.13.2-3172292+++UE4+Release-4.13, LibOVR: 1.10.0, SDK: 1.6.0, built Oct 24 2016, 14:31:11
[2016.11.15-11.46.09:650][  0]LogAIModule: Creating AISystem for world Untitled
[2016.11.15-11.46.09:658][  0]LogInit: XAudio2 using 'Speakers (Realtek High Definition Audio)' : 2 channels at 48 kHz using 32 bits per sample (channel mask 0x3)
[2016.11.15-11.46.09:687][  0]LogInit: FAudioDevice initialized.
[2016.11.15-11.46.09:720][  0]LogDerivedDataCache: Saved boot cache 0.03s 62MB C:/Users/Laptop Sam/AppData/Local/UnrealEngine/4.13/DerivedDataCache/Boot.ddc.
[2016.11.15-11.46.09:726][  0]LogInit: Texture streaming: Enabled
[2016.11.15-11.46.09:765][  0]LogInit: Transaction tracking system initialized
[2016.11.15-11.46.09:800][  0]BlueprintLog: New page: Editor Load
[2016.11.15-11.46.09:939][  0]LocalizationService: Info Localization service is disabled
[2016.11.15-11.46.10:048][  0]LogConsoleResponse:Display: 
[2016.11.15-11.46.10:218][  0]LogCook:Display: Max memory allowance for cook 16384mb min free memory 0mb
[2016.11.15-11.46.10:218][  0]LogCook:Display: Mobile HDR setting 1
[2016.11.15-11.46.10:470][  0]LogFileCache: Scanning file cache for directory 'C:/Users/Laptop Sam/Documents/GitHub/VR_experience_final/Tesla_Experience/Content/' took 0.01s
[2016.11.15-11.46.10:478][  0]SourceControl: Info Source control is disabled
[2016.11.15-11.46.10:478][  0]Cmd: MAP LOAD FILE="../../../Engine/Content/Maps/Templates/Template_Default.umap" TEMPLATE=1 SHOWPROGRESS=1 FEATURELEVEL=3
[2016.11.15-11.46.10:479][  0]LightingResults: New page: Lighting Build
[2016.11.15-11.46.10:482][  0]MapCheck: New page: Map Check
[2016.11.15-11.46.10:483][  0]LightingResults: New page: Lighting Build
[2016.11.15-11.46.10:699][  0]LogAIModule: Creating AISystem for world Untitled_1
[2016.11.15-11.46.10:705][  0]LogEditorServer: Finished looking for orphan Actors (0.000 secs)
[2016.11.15-11.46.10:711][  0]Cmd: MAP CHECKDEP NOCLEARLOG
[2016.11.15-11.46.10:827][  0]MapCheck: Info Map check complete: 0 Error(s), 0 Warning(s), took 115.914ms to complete.
[2016.11.15-11.46.10:827][  0]LogFileHelpers: Loading map 'Template_Default' took 0.349
[2016.11.15-11.46.10:972][  0]LogCollectionManager: Loaded 0 collections in 0.003752 seconds
[2016.11.15-11.46.11:014][  0]LogFileCache: Scanning file cache for directory 'C:/Users/Laptop Sam/Documents/GitHub/VR_experience_final/Tesla_Experience/Saved/Collections/' took 0.01s
[2016.11.15-11.46.11:014][  0]LogFileCache: Scanning file cache for directory 'C:/Users/Laptop Sam/Documents/GitHub/VR_experience_final/Tesla_Experience/Content/Developers/LaptopSam/Collections/' took 0.01s
[2016.11.15-11.46.11:014][  0]LogFileCache: Scanning file cache for directory 'C:/Users/Laptop Sam/Documents/GitHub/VR_experience_final/Tesla_Experience/Content/Collections/' took 0.01s
[2016.11.15-11.46.11:014][  0]LogCollectionManager: Rebuilt the GUID cache for 0 collections in 0.000003 seconds
[2016.11.15-11.46.11:025][  0]LogContentBrowser: Native class hierarchy populated in 0.0105 seconds. Added 2141 classes and 415 folders.
[2016.11.15-11.46.11:029][  0]LogStats: UGameplayTagsManager::ConstructGameplayTagTree: Construct from data asset -  0.000 s
[2016.11.15-11.46.11:029][  0]LogStats: UGameplayTagsManager::ConstructGameplayTagTree: GameplayTagTreeChangedEvent.Broadcast -  0.000 s
[2016.11.15-11.46.11:030][  0]LogContentBrowser: Native class hierarchy updated for 'GameplayTags' in 0.0008 seconds. Added 12 classes and 0 folders.
[2016.11.15-11.46.11:039][  0]LogContentBrowser: Native class hierarchy updated for 'WidgetCarousel' in 0.0007 seconds. Added 0 classes and 0 folders.
[2016.11.15-11.46.11:139][  0]LogContentBrowser: Native class hierarchy updated for 'AddContentDialog' in 0.0008 seconds. Added 0 classes and 0 folders.
[2016.11.15-11.46.11:148][  0]LogContentBrowser: Native class hierarchy updated for 'SceneOutliner' in 0.0009 seconds. Added 1 classes and 2 folders.
[2016.11.15-11.46.11:221][  0]LogCrashTracker: Crashtracker disabled due to settings.
[2016.11.15-11.46.11:226][  0]LogWindowsTextInputMethodSystem:Display: IME system now deactivated.
[2016.11.15-11.46.11:227][  0]LogWindowsTextInputMethodSystem:Display: IME system now deactivated.
[2016.11.15-11.46.11:240][  0]LogUObjectGlobals:Warning: Failed to find object 'Class None.'
[2016.11.15-11.46.11:270][  0]LogContentBrowser: Native class hierarchy updated for 'HierarchicalLODOutliner' in 0.0007 seconds. Added 1 classes and 2 folders.
[2016.11.15-11.46.11:270][  0]LogLoad: (Engine Initialization) Total time: 10.22 seconds
[2016.11.15-11.46.11:270][  0]LogLoad: (Engine Initialization) Total Blueprint compile time: 0.08 seconds
[2016.11.15-11.46.11:270][  0]LogExternalProfiler: Found external profiler: VSPerf
[2016.11.15-11.46.11:270][  0]LogExternalProfiler: Using external profiler: VSPerf
[2016.11.15-11.46.11:289][  0]LogOcInput: OculusInput pre-init called
[2016.11.15-11.46.11:303][  0]LogOcInput: OculusInput is initialized. Init status 0. Runtime version: 1.10.0
[2016.11.15-11.46.11:324][  0]LogContentStreaming: Texture pool size now 1000 MB
[2016.11.15-11.46.11:526][  0]LogRenderer: Reallocating scene render targets to support 664x384 (Frame:2).
[2016.11.15-11.46.11:643][  2]LogAssetRegistry: Asset discovery search completed in 4.6864 seconds
[2016.11.15-11.46.11:643][  2]LogCollectionManager: Rebuilt the object cache for 0 collections in 0.000001 seconds (found 0 objects)
[2016.11.15-11.46.11:643][  2]LogCollectionManager: Fixed up redirectors for 0 collections in 0.000025 seconds (updated 0 objects)
[2016.11.15-11.46.21:251][562]LogTexture:Display: Building textures: HQ_Lightmap0_1 (AutoDXT)
[2016.11.15-11.46.21:291][562]LogTexture:Display: Building textures: LQ_Lightmap_0_1 (DXT1)
[2016.11.15-11.46.21:471][562]LogAIModule: Creating AISystem for world Factory
[2016.11.15-11.46.21:499][562]Cmd: MAP LOAD FILE="../../../../../../Users/Laptop Sam/Documents/GitHub/VR_experience_final/Tesla_Experience/Content/Levels/Factory.umap" TEMPLATE=0 SHOWPROGRESS=1 FEATURELEVEL=3
[2016.11.15-11.46.21:499][562]LightingResults: New page: Lighting Build
[2016.11.15-11.46.21:500][562]LoadErrors: New page: Loading map: Factory.umap
[2016.11.15-11.46.21:500][562]MapCheck: New page: Map Check
[2016.11.15-11.46.21:500][562]LightingResults: New page: Lighting Build
[2016.11.15-11.46.21:566][562]LogEditorServer: Finished looking for orphan Actors (0.000 secs)
[2016.11.15-11.46.21:591][562]Cmd: MAP CHECKDEP NOCLEARLOG
[2016.11.15-11.46.21:713][562]MapCheck: Info Map check complete: 0 Error(s), 0 Warning(s), took 121.559ms to complete.
[2016.11.15-11.46.21:714][562]LogFileHelpers: Loading map 'Factory' took 0.217
[2016.11.15-11.46.46:658][979]LogContentBrowser: Native class hierarchy updated for 'Matinee' in 0.0008 seconds. Added 15 classes and 2 folders.
[2016.11.15-11.46.46:661][979]LogInit: Transaction tracking system initialized
[2016.11.15-11.46.46:662][979]EditorErrors: New page: Matinee Initialization
[2016.11.15-11.48.11:619][492]MapCheck: New page: Map Check
[2016.11.15-11.48.11:633][492]Cmd: MAP REBUILD ALLVISIBLE
[2016.11.15-11.48.11:633][492]LogEditorServer: Rebuildmap Clear paths rebuilt
[2016.11.15-11.48.11:733][492]LogExit: Transaction tracking system shut down
[2016.11.15-11.48.11:742][492]LogMaterial: Missing cached shader map for material FDebugViewModeMaterialProxy WorldGridMaterial, compiling. Is special engine material.
[2016.11.15-11.48.11:752][492]LogMaterial: Missing cached shader map for material FDebugViewModeMaterialProxy factoryfloor_material, compiling. 
[2016.11.15-11.48.11:762][492]LogMaterial: Missing cached shader map for material FDebugViewModeMaterialProxy BasicShapeMaterial, compiling. 
[2016.11.15-11.48.11:771][492]LogMaterial: Missing cached shader map for material FDebugViewModeMaterialProxy Factory_material4, compiling. 
[2016.11.15-11.48.11:779][492]LogMaterial: Missing cached shader map for material FDebugViewModeMaterialProxy Factory_material, compiling. 
[2016.11.15-11.48.11:788][492]LogMaterial: Missing cached shader map for material FDebugViewModeMaterialProxy Factory_material2, compiling. 
[2016.11.15-11.48.11:797][492]LogMaterial: Missing cached shader map for material FDebugViewModeMaterialProxy Factory_material3, compiling. 
[2016.11.15-11.48.11:810][492]LogMaterial: Missing cached shader map for material FDebugViewModeMaterialProxy MatineeCam_mat, compiling. 
[2016.11.15-11.48.11:820][492]LogMaterial: Missing cached shader map for material FDebugViewModeMaterialProxy Tube_material, compiling. 
[2016.11.15-11.48.12:556][492]LogLevel:Display: Export Material TexCoord Scales took 0.007 seconds.
[2016.11.15-11.48.12:601][492]TextureStreamingBuild:Display: Build Texture Streaming took 0.044 seconds.
[2016.11.15-11.48.12:612][492]LightingResults: New page: Lighting Build - Nov 15, 2016, 1:48:12 PM
[2016.11.15-11.48.12:653][492]LogSwarmInterface: [OpenConnection] Registering TCP channel ...
[2016.11.15-11.48.12:964][492]LogSwarmInterface: [OpenConnection] Connecting to agent ...
[2016.11.15-11.48.12:975][492]LogSwarmInterface: [TryOpenConnection] Testing the Agent
[2016.11.15-11.48.13:990][492]LogSwarmInterface: [TryOpenConnection] Opening Connection to Agent
[2016.11.15-11.48.13:990][492]LogSwarmInterface: [TryOpenConnection] Local Process ID is 13092
[2016.11.15-11.48.16:644][492]LogStaticLightingSystem:Warning: No importance volume found, so the scene bounding box was used.  You can optimize your scene's quality and lighting build times by adding importance volumes.
[2016.11.15-11.48.16:644][492]LogStaticLightingSystem: Running Lightmass w/ ImmediateImport mode ENABLED
[2016.11.15-11.48.16:645][492]LogStaticLightingSystem: Running Lightmass w/ ImmediateProcess mode ENABLED
[2016.11.15-11.48.16:645][492]LogStaticLightingSystem: Running Lightmass w/ Sorting mode ENABLED
[2016.11.15-11.48.16:645][492]LogStaticLightingSystem: Running Lightmass w/ Mapping paddings ENABLED
[2016.11.15-11.48.16:645][492]LogStaticLightingSystem: Running Lightmass w/ Mapping debug paddings DISABLED
[2016.11.15-11.48.16:921][492]Cmd: MAP CHECK DONTDISPLAYDIALOG
[2016.11.15-11.48.16:921][492]MapCheck: New page: Factory - Nov 15, 2016, 1:48:16 PM
[2016.11.15-11.48.16:922][492]MapCheck:Error: Error WorldSettings Maps need lighting rebuilt 
[2016.11.15-11.48.17:043][492]MapCheck: Info Map check complete: 1 Error(s), 0 Warning(s), took 122.115ms to complete.
[2016.11.15-11.48.17:066][492]LogEditorBuildUtils: Build time 0:05
[2016.11.15-11.48.22:988][708]Job is a success!
[2016.11.15-11.48.23:196][709]LogTexture:Display: Building textures: HQ_Lightmap1_1 (AutoDXT)
[2016.11.15-11.48.23:196][709]LogTexture:Display: Building textures: LQ_Lightmap_1_1 (DXT1)
[2016.11.15-11.48.23:196][709]LogTexture:Display: Building textures: ShadowMapTexture2D_0 (BGRA8)
[2016.11.15-11.48.23:222][709]Lightmass on LAPTOPSAM: 4.78 sec total, 269 ms importing, 231 ms setup, 518 ms photons, 3.74 sec processing, 0 ms extra exporting [21/21 mappings]. Threads: 26.0 sec total, 7.61 sec processing.
[2016.11.15-11.48.23:247][709]LogStaticLightingSystem: Illumination: 10.6 sec (71 ms encoding lightmaps, 42 ms encoding shadowmaps)
[2016.11.15-11.48.23:247][709]LogStaticLightingSystem: Lightmap texture memory:  0.5 MB (0.5 MB streaming, 0.0 MB non-streaming), 2 textures
[2016.11.15-11.48.23:247][709]LogStaticLightingSystem: Shadowmap texture memory: 0.7 MB (0.7 MB streaming, 0.0 MB non-streaming), 1 textures
[2016.11.15-11.48.23:665][710]Cmd: MAP CHECK NOTIFYRESULTS
[2016.11.15-11.48.23:665][710]MapCheck: New page: Factory - Nov 15, 2016, 1:48:23 PM
[2016.11.15-11.48.23:807][710]MapCheck: Info Map check complete: 0 Error(s), 0 Warning(s), took 142.599ms to complete.
[2016.11.15-11.48.28:722][976]LogPlayLevel: PlayLevel: No blueprints needed recompiling
[2016.11.15-11.48.28:723][976]PIE: New page: SIE session: Factory (Nov 15, 2016, 1:48:28 PM)
[2016.11.15-11.48.28:723][976]LogPlayLevel: Creating play world package: /Game/Levels/UEDPIE_0_Factory
[2016.11.15-11.48.28:731][976]LogPlayLevel: PIE: StaticDuplicateObject took: (0.008282s)
[2016.11.15-11.48.28:732][976]LogAIModule: Creating AISystem for world Factory
[2016.11.15-11.48.28:733][976]LogPlayLevel: PIE: World Init took: (0.001820s)
[2016.11.15-11.48.28:733][976]LogPlayLevel: PIE: Created PIE world by copying editor world from /Game/Levels/Factory.Factory to /Game/Levels/UEDPIE_0_Factory.Factory (0.010496s)
[2016.11.15-11.48.28:755][976]LogInit: XAudio2 using 'Speakers (Realtek High Definition Audio)' : 2 channels at 48 kHz using 32 bits per sample (channel mask 0x3)
[2016.11.15-11.48.28:765][976]LogInit: FAudioDevice initialized.
[2016.11.15-11.48.28:814][976]LogWorld: Game class is 'GameMode'
[2016.11.15-11.48.28:823][976]LogWorld: Bringing World /Game/Levels/UEDPIE_0_Factory.Factory up for play (max tick rate 60) at 2016.11.15-12.48.28
[2016.11.15-11.48.28:824][976]LogWorld: Bringing up level for play took: 0.007872
[2016.11.15-11.48.28:831][976]LogContentBrowser: Native class hierarchy updated for 'MovieSceneCapture' in 0.0010 seconds. Added 11 classes and 0 folders.
[2016.11.15-11.48.28:831][976]LogGameMode:Display: Match State Changed from EnteringMap to WaitingToStart
[2016.11.15-11.48.28:833][976]LogGameState: Match State Changed from EnteringMap to WaitingToStart
[2016.11.15-11.48.28:833][976]PIE: Info Play in editor start time for /Game/Levels/UEDPIE_0_Factory 0.99
[2016.11.15-11.48.34:784][282]LogEditorViewport: Clicking on Actor (context menu): StaticMeshActor (Wall1_8x16x0.5m)
[2016.11.15-11.48.34:870][282]LogEditorViewport: Clicking on Actor (context menu): StaticMeshActor (Wall1_8x16x0.5m)
[2016.11.15-11.48.35:098][284]LogEditorViewport: Clicking on Actor (context menu): StaticMeshActor (Wall1_8x16x0.5m)
[2016.11.15-11.48.39:767][482]LogRenderer: Reallocating scene render targets to support 672x384 (Frame:6925).
[2016.11.15-11.48.39:811][483]LogRenderer: Reallocating scene render targets to support 676x384 (Frame:6927).
[2016.11.15-11.48.39:867][484]LogRenderer: Reallocating scene render targets to support 684x384 (Frame:6929).
[2016.11.15-11.48.39:921][485]LogRenderer: Reallocating scene render targets to support 696x384 (Frame:6931).
[2016.11.15-11.48.39:969][486]LogRenderer: Reallocating scene render targets to support 700x384 (Frame:6933).
[2016.11.15-11.48.40:019][487]LogRenderer: Reallocating scene render targets to support 704x384 (Frame:6935).
[2016.11.15-11.48.40:070][488]LogRenderer: Reallocating scene render targets to support 708x384 (Frame:6937).
[2016.11.15-11.48.40:119][489]LogRenderer: Reallocating scene render targets to support 712x384 (Frame:6939).
[2016.11.15-11.48.40:162][490]LogRenderer: Reallocating scene render targets to support 716x384 (Frame:6941).
[2016.11.15-11.48.40:215][491]LogRenderer: Reallocating scene render targets to support 720x384 (Frame:6943).
[2016.11.15-11.48.40:308][493]LogRenderer: Reallocating scene render targets to support 724x384 (Frame:6947).
[2016.11.15-11.48.43:283][650]LogRenderer: Reallocating scene render targets to support 736x384 (Frame:7100).
[2016.11.15-11.48.43:330][651]LogRenderer: Reallocating scene render targets to support 752x384 (Frame:7102).
[2016.11.15-11.48.43:379][652]LogRenderer: Reallocating scene render targets to support 764x384 (Frame:7104).
[2016.11.15-11.48.43:430][653]LogRenderer: Reallocating scene render targets to support 780x384 (Frame:7106).
[2016.11.15-11.48.43:482][654]LogRenderer: Reallocating scene render targets to support 788x384 (Frame:7108).
[2016.11.15-11.48.43:535][655]LogRenderer: Reallocating scene render targets to support 792x384 (Frame:7110).
[2016.11.15-11.48.43:580][656]LogRenderer: Reallocating scene render targets to support 796x384 (Frame:7112).
[2016.11.15-11.48.43:675][658]LogRenderer: Reallocating scene render targets to support 816x384 (Frame:7116).
[2016.11.15-11.48.43:727][659]LogRenderer: Reallocating scene render targets to support 844x384 (Frame:7118).
[2016.11.15-11.48.43:783][660]LogRenderer: Reallocating scene render targets to support 864x384 (Frame:7120).
[2016.11.15-11.48.43:838][661]LogRenderer: Reallocating scene render targets to support 868x384 (Frame:7122).
[2016.11.15-11.48.43:889][662]LogRenderer: Reallocating scene render targets to support 880x384 (Frame:7124).
[2016.11.15-11.48.43:945][663]LogRenderer: Reallocating scene render targets to support 888x384 (Frame:7126).
[2016.11.15-11.48.43:998][664]LogRenderer: Reallocating scene render targets to support 900x384 (Frame:7128).
[2016.11.15-11.48.44:049][665]LogRenderer: Reallocating scene render targets to support 916x384 (Frame:7130).
[2016.11.15-11.48.44:105][666]LogRenderer: Reallocating scene render targets to support 932x384 (Frame:7132).
[2016.11.15-11.48.44:155][667]LogRenderer: Reallocating scene render targets to support 936x384 (Frame:7134).
[2016.11.15-11.48.47:308][828]LogEditorViewport: Clicking on Actor (LMB): StaticMeshActor (Wall1_8x16x0.5m)
[2016.11.15-11.48.49:105][926]LogRenderer: Reallocating scene render targets to support 936x396 (Frame:7398).
[2016.11.15-11.48.49:157][927]LogRenderer: Reallocating scene render targets to support 936x420 (Frame:7400).
[2016.11.15-11.48.49:214][928]LogRenderer: Reallocating scene render targets to support 936x488 (Frame:7402).
[2016.11.15-11.48.49:282][929]LogRenderer: Reallocating scene render targets to support 936x524 (Frame:7404).
[2016.11.15-11.48.49:328][930]LogRenderer: Reallocating scene render targets to support 936x560 (Frame:7406).
[2016.11.15-11.48.49:387][931]LogRenderer: Reallocating scene render targets to support 936x572 (Frame:7408).
[2016.11.15-11.48.49:450][932]LogRenderer: Reallocating scene render targets to support 936x588 (Frame:7410).
[2016.11.15-11.48.49:515][933]LogRenderer: Reallocating scene render targets to support 936x600 (Frame:7412).
[2016.11.15-11.48.49:564][934]LogRenderer: Reallocating scene render targets to support 936x604 (Frame:7414).
[2016.11.15-11.48.56:704][179]LogGameMode: GameMode returned ReadyToStartMatch
[2016.11.15-11.48.56:704][179]LogGameMode:Display: Match State Changed from WaitingToStart to InProgress
[2016.11.15-11.48.56:704][179]LogGameState: Match State Changed from WaitingToStart to InProgress
[2016.11.15-11.50.07:638][347]LogEditorActor: Deleted Actor: PointLight
[2016.11.15-11.50.07:672][347]LogEditorActor: Deleted 1 Actors (0.035 secs)
[2016.11.15-11.50.18:159][815]MapCheck: New page: Map Check
[2016.11.15-11.50.18:204][815]Cmd: MAP REBUILD ALLVISIBLE
[2016.11.15-11.50.18:204][815]LogEditorServer: Rebuildmap Clear paths rebuilt
[2016.11.15-11.50.18:309][815]LogMaterial: Missing cached shader map for material FDebugViewModeMaterialProxy WorldGridMaterial, compiling. Is special engine material.
[2016.11.15-11.50.18:317][815]LogMaterial: Missing cached shader map for material FDebugViewModeMaterialProxy factoryfloor_material, compiling. 
[2016.11.15-11.50.18:324][815]LogMaterial: Missing cached shader map for material FDebugViewModeMaterialProxy BasicShapeMaterial, compiling. 
[2016.11.15-11.50.18:331][815]LogMaterial: Missing cached shader map for material FDebugViewModeMaterialProxy Factory_material4, compiling. 
[2016.11.15-11.50.18:339][815]LogMaterial: Missing cached shader map for material FDebugViewModeMaterialProxy Factory_material, compiling. 
[2016.11.15-11.50.18:349][815]LogMaterial: Missing cached shader map for material FDebugViewModeMaterialProxy Factory_material2, compiling. 
[2016.11.15-11.50.18:360][815]LogMaterial: Missing cached shader map for material FDebugViewModeMaterialProxy Factory_material3, compiling. 
[2016.11.15-11.50.18:380][815]LogMaterial: Missing cached shader map for material FDebugViewModeMaterialProxy MatineeCam_mat, compiling. 
[2016.11.15-11.50.18:395][815]LogMaterial: Missing cached shader map for material FDebugViewModeMaterialProxy Tube_material, compiling. 
[2016.11.15-11.50.19:152][815]LogLevel:Display: Export Material TexCoord Scales took 0.006 seconds.
[2016.11.15-11.50.19:204][815]TextureStreamingBuild:Display: Build Texture Streaming took 0.051 seconds.
[2016.11.15-11.50.19:215][815]LightingResults: New page: Lighting Build - Nov 15, 2016, 1:50:19 PM
[2016.11.15-11.50.19:224][815]LogSwarmInterface: [OpenConnection] Registering TCP channel ...
[2016.11.15-11.50.19:226][815]LogSwarmInterface: [OpenConnection] Connecting to agent ...
[2016.11.15-11.50.19:226][815]LogSwarmInterface: [TryOpenConnection] Testing the Agent
[2016.11.15-11.50.19:228][815]LogSwarmInterface: [TryOpenConnection] Opening Connection to Agent
[2016.11.15-11.50.19:228][815]LogSwarmInterface: [TryOpenConnection] Local Process ID is 13092
[2016.11.15-11.50.20:882][815]LogStaticLightingSystem:Warning: No importance volume found, so the scene bounding box was used.  You can optimize your scene's quality and lighting build times by adding importance volumes.
[2016.11.15-11.50.20:882][815]LogStaticLightingSystem: Running Lightmass w/ ImmediateImport mode ENABLED
[2016.11.15-11.50.20:882][815]LogStaticLightingSystem: Running Lightmass w/ ImmediateProcess mode ENABLED
[2016.11.15-11.50.20:882][815]LogStaticLightingSystem: Running Lightmass w/ Sorting mode ENABLED
[2016.11.15-11.50.20:882][815]LogStaticLightingSystem: Running Lightmass w/ Mapping paddings ENABLED
[2016.11.15-11.50.20:882][815]LogStaticLightingSystem: Running Lightmass w/ Mapping debug paddings DISABLED
[2016.11.15-11.50.21:113][815]Cmd: MAP CHECK DONTDISPLAYDIALOG
[2016.11.15-11.50.21:113][815]MapCheck: New page: Factory - Nov 15, 2016, 1:50:21 PM
[2016.11.15-11.50.21:241][815]MapCheck: Info Map check complete: 0 Error(s), 0 Warning(s), took 127.989ms to complete.
[2016.11.15-11.50.21:264][815]LogEditorBuildUtils: Build time 0:03
[2016.11.15-11.50.26:684][ 23]Job is a success!
[2016.11.15-11.50.26:934][ 24]LogTexture:Display: Building textures: HQ_Lightmap0_1 (AutoDXT)
[2016.11.15-11.50.26:934][ 24]LogTexture:Display: Building textures: LQ_Lightmap_0_1 (DXT1)
[2016.11.15-11.50.26:934][ 24]LogTexture:Display: Building textures: ShadowMapTexture2D_1 (BGRA8)
[2016.11.15-11.50.26:965][ 24]Lightmass on LAPTOPSAM: 4.70 sec total, 265 ms importing, 171 ms setup, 523 ms photons, 3.72 sec processing, 0 ms extra exporting [21/21 mappings]. Threads: 25.9 sec total, 7.27 sec processing.
[2016.11.15-11.50.26:974][ 24]LogStaticLightingSystem: Illumination: 7.70 sec (75 ms encoding lightmaps, 42 ms encoding shadowmaps)
[2016.11.15-11.50.26:974][ 24]LogStaticLightingSystem: Lightmap texture memory:  0.5 MB (0.5 MB streaming, 0.0 MB non-streaming), 2 textures
[2016.11.15-11.50.26:974][ 24]LogStaticLightingSystem: Shadowmap texture memory: 0.7 MB (0.7 MB streaming, 0.0 MB non-streaming), 1 textures
[2016.11.15-11.50.27:895][ 25]Cmd: MAP CHECK NOTIFYRESULTS
[2016.11.15-11.50.27:895][ 25]MapCheck: New page: Factory - Nov 15, 2016, 1:50:27 PM
[2016.11.15-11.50.28:039][ 25]MapCheck: Info Map check complete: 0 Error(s), 0 Warning(s), took 143.695ms to complete.
[2016.11.15-11.50.30:407][119]LogPlayLevel: PlayLevel: No blueprints needed recompiling
[2016.11.15-11.50.30:407][119]PIE: New page: SIE session: Factory (Nov 15, 2016, 1:50:30 PM)
[2016.11.15-11.50.30:408][119]LogPlayLevel: Creating play world package: /Game/Levels/UEDPIE_0_Factory
[2016.11.15-11.50.30:414][119]LogPlayLevel: PIE: StaticDuplicateObject took: (0.006519s)
[2016.11.15-11.50.30:415][119]LogAIModule: Creating AISystem for world Factory
[2016.11.15-11.50.30:416][119]LogPlayLevel: PIE: World Init took: (0.001344s)
[2016.11.15-11.50.30:416][119]LogPlayLevel: PIE: Created PIE world by copying editor world from /Game/Levels/Factory.Factory to /Game/Levels/UEDPIE_0_Factory.Factory (0.008178s)
[2016.11.15-11.50.30:436][119]LogInit: XAudio2 using 'Speakers (Realtek High Definition Audio)' : 2 channels at 48 kHz using 32 bits per sample (channel mask 0x3)
[2016.11.15-11.50.30:450][119]LogInit: FAudioDevice initialized.
[2016.11.15-11.50.30:485][119]LogWorld: Game class is 'GameMode'
[2016.11.15-11.50.30:493][119]LogWorld: Bringing World /Game/Levels/UEDPIE_0_Factory.Factory up for play (max tick rate 60) at 2016.11.15-12.50.30
[2016.11.15-11.50.30:494][119]LogWorld: Bringing up level for play took: 0.008042
[2016.11.15-11.50.30:496][119]LogGameMode:Display: Match State Changed from EnteringMap to WaitingToStart
[2016.11.15-11.50.30:497][119]LogGameState: Match State Changed from EnteringMap to WaitingToStart
[2016.11.15-11.50.30:498][119]PIE: Info Play in editor start time for /Game/Levels/UEDPIE_0_Factory 0.655
[2016.11.15-11.50.45:002][656]Cmd: STAT FPS
[2016.11.15-11.50.46:664][701]LogEditorViewport: Clicking on Actor (context menu): StaticMeshActor (Wall4_8x12x0.5m)
[2016.11.15-11.50.47:961][762]LogEditorViewport: Clicking on Actor (context menu): StaticMeshActor (Roof_balk2)
[2016.11.15-11.50.48:949][807]LogEditorViewport: Clicking on Actor (LMB): StaticMeshActor (Roof)
[2016.11.15-11.51.46:111][130]LogEditorActor: Deleted Actor: PointLight
[2016.11.15-11.51.46:149][130]LogEditorActor: Deleted 1 Actors (0.038 secs)
[2016.11.15-11.51.47:684][190]MapCheck: New page: Map Check
[2016.11.15-11.51.47:732][190]Cmd: MAP REBUILD ALLVISIBLE
[2016.11.15-11.51.47:732][190]LogEditorServer: Rebuildmap Clear paths rebuilt
[2016.11.15-11.51.47:846][190]LogMaterial: Missing cached shader map for material FDebugViewModeMaterialProxy WorldGridMaterial, compiling. Is special engine material.
[2016.11.15-11.51.47:855][190]LogMaterial: Missing cached shader map for material FDebugViewModeMaterialProxy factoryfloor_material, compiling. 
[2016.11.15-11.51.47:865][190]LogMaterial: Missing cached shader map for material FDebugViewModeMaterialProxy BasicShapeMaterial, compiling. 
[2016.11.15-11.51.47:873][190]LogMaterial: Missing cached shader map for material FDebugViewModeMaterialProxy Factory_material4, compiling. 
[2016.11.15-11.51.47:883][190]LogMaterial: Missing cached shader map for material FDebugViewModeMaterialProxy Factory_material, compiling. 
[2016.11.15-11.51.47:893][190]LogMaterial: Missing cached shader map for material FDebugViewModeMaterialProxy Factory_material2, compiling. 
[2016.11.15-11.51.47:903][190]LogMaterial: Missing cached shader map for material FDebugViewModeMaterialProxy Factory_material3, compiling. 
[2016.11.15-11.51.47:918][190]LogMaterial: Missing cached shader map for material FDebugViewModeMaterialProxy MatineeCam_mat, compiling. 
[2016.11.15-11.51.47:928][190]LogMaterial: Missing cached shader map for material FDebugViewModeMaterialProxy Tube_material, compiling. 
[2016.11.15-11.51.48:646][190]LogLevel:Display: Export Material TexCoord Scales took 0.008 seconds.
[2016.11.15-11.51.48:690][190]TextureStreamingBuild:Display: Build Texture Streaming took 0.044 seconds.
[2016.11.15-11.51.48:701][190]LightingResults: New page: Lighting Build - Nov 15, 2016, 1:51:48 PM
[2016.11.15-11.51.48:709][190]LogSwarmInterface: [OpenConnection] Registering TCP channel ...
[2016.11.15-11.51.48:712][190]LogSwarmInterface: [OpenConnection] Connecting to agent ...
[2016.11.15-11.51.48:712][190]LogSwarmInterface: [TryOpenConnection] Testing the Agent
[2016.11.15-11.51.48:713][190]LogSwarmInterface: [TryOpenConnection] Opening Connection to Agent
[2016.11.15-11.51.48:713][190]LogSwarmInterface: [TryOpenConnection] Local Process ID is 13092
[2016.11.15-11.51.50:363][190]LogStaticLightingSystem:Warning: No importance volume found, so the scene bounding box was used.  You can optimize your scene's quality and lighting build times by adding importance volumes.
[2016.11.15-11.51.50:363][190]LogStaticLightingSystem: Running Lightmass w/ ImmediateImport mode ENABLED
[2016.11.15-11.51.50:363][190]LogStaticLightingSystem: Running Lightmass w/ ImmediateProcess mode ENABLED
[2016.11.15-11.51.50:363][190]LogStaticLightingSystem: Running Lightmass w/ Sorting mode ENABLED
[2016.11.15-11.51.50:363][190]LogStaticLightingSystem: Running Lightmass w/ Mapping paddings ENABLED
[2016.11.15-11.51.50:363][190]LogStaticLightingSystem: Running Lightmass w/ Mapping debug paddings DISABLED
[2016.11.15-11.51.50:569][190]Cmd: MAP CHECK DONTDISPLAYDIALOG
[2016.11.15-11.51.50:570][190]MapCheck: New page: Factory - Nov 15, 2016, 1:51:50 PM
[2016.11.15-11.51.50:570][190]MapCheck:Error: Error WorldSettings Maps need lighting rebuilt 
[2016.11.15-11.51.50:715][190]MapCheck: Info Map check complete: 1 Error(s), 0 Warning(s), took 145.162ms to complete.
[2016.11.15-11.51.50:737][190]LogEditorBuildUtils: Build time 0:03
[2016.11.15-11.51.56:889][364]Job is a success!
[2016.11.15-11.51.57:227][365]LogTexture:Display: Building textures: HQ_Lightmap1_1 (AutoDXT)
[2016.11.15-11.51.57:227][365]LogTexture:Display: Building textures: LQ_Lightmap_1_1 (DXT1)
[2016.11.15-11.51.57:227][365]LogTexture:Display: Building textures: ShadowMapTexture2D_2 (BGRA8)
[2016.11.15-11.51.57:253][365]Lightmass on LAPTOPSAM: 5.54 sec total, 311 ms importing, 183 ms setup, 493 ms photons, 4.53 sec processing, 0 ms extra exporting [21/21 mappings]. Threads: 31.5 sec total, 8.70 sec processing.
[2016.11.15-11.51.57:262][365]LogStaticLightingSystem: Illumination: 8.49 sec (143 ms encoding lightmaps, 40 ms encoding shadowmaps)
[2016.11.15-11.51.57:262][365]LogStaticLightingSystem: Lightmap texture memory:  0.5 MB (0.5 MB streaming, 0.0 MB non-streaming), 2 textures
[2016.11.15-11.51.57:262][365]LogStaticLightingSystem: Shadowmap texture memory: 0.7 MB (0.7 MB streaming, 0.0 MB non-streaming), 1 textures
[2016.11.15-11.51.57:380][366]Cmd: MAP CHECK NOTIFYRESULTS
[2016.11.15-11.51.57:380][366]MapCheck: New page: Factory - Nov 15, 2016, 1:51:57 PM
[2016.11.15-11.51.57:508][366]MapCheck: Info Map check complete: 0 Error(s), 0 Warning(s), took 128.23ms to complete.
[2016.11.15-11.52.03:983][633]LogPlayLevel: PlayLevel: No blueprints needed recompiling
[2016.11.15-11.52.03:983][633]PIE: New page: SIE session: Factory (Nov 15, 2016, 1:52:03 PM)
[2016.11.15-11.52.03:984][633]LogPlayLevel: Creating play world package: /Game/Levels/UEDPIE_0_Factory
[2016.11.15-11.52.03:990][633]LogPlayLevel: PIE: StaticDuplicateObject took: (0.006137s)
[2016.11.15-11.52.03:991][633]LogAIModule: Creating AISystem for world Factory
[2016.11.15-11.52.03:991][633]LogPlayLevel: PIE: World Init took: (0.001158s)
[2016.11.15-11.52.03:991][633]LogPlayLevel: PIE: Created PIE world by copying editor world from /Game/Levels/Factory.Factory to /Game/Levels/UEDPIE_0_Factory.Factory (0.007558s)
[2016.11.15-11.52.04:009][633]LogInit: XAudio2 using 'Speakers (Realtek High Definition Audio)' : 2 channels at 48 kHz using 32 bits per sample (channel mask 0x3)
[2016.11.15-11.52.04:022][633]LogInit: FAudioDevice initialized.
[2016.11.15-11.52.04:058][633]LogWorld: Game class is 'GameMode'
[2016.11.15-11.52.04:066][633]LogWorld: Bringing World /Game/Levels/UEDPIE_0_Factory.Factory up for play (max tick rate 60) at 2016.11.15-12.52.04
[2016.11.15-11.52.04:067][633]LogWorld: Bringing up level for play took: 0.007262
[2016.11.15-11.52.04:068][633]LogGameMode:Display: Match State Changed from EnteringMap to WaitingToStart
[2016.11.15-11.52.04:069][633]LogGameState: Match State Changed from EnteringMap to WaitingToStart
[2016.11.15-11.52.04:069][633]PIE: Info Play in editor start time for /Game/Levels/UEDPIE_0_Factory 0.227
[2016.11.15-11.52.39:389][363]LogInit: Transaction tracking system initialized
[2016.11.15-11.52.39:390][363]EditorErrors: New page: Matinee Initialization
[2016.11.15-11.53.16:424][161]MapCheck: New page: Map Check
[2016.11.15-11.53.16:439][161]Cmd: MAP REBUILD ALLVISIBLE
[2016.11.15-11.53.16:439][161]LogEditorServer: Rebuildmap Clear paths rebuilt
[2016.11.15-11.53.16:570][161]LogExit: Transaction tracking system shut down
[2016.11.15-11.53.16:576][161]LogMaterial: Missing cached shader map for material FDebugViewModeMaterialProxy WorldGridMaterial, compiling. Is special engine material.
[2016.11.15-11.53.16:584][161]LogMaterial: Missing cached shader map for material FDebugViewModeMaterialProxy factoryfloor_material, compiling. 
[2016.11.15-11.53.16:592][161]LogMaterial: Missing cached shader map for material FDebugViewModeMaterialProxy BasicShapeMaterial, compiling. 
[2016.11.15-11.53.16:598][161]LogMaterial: Missing cached shader map for material FDebugViewModeMaterialProxy Factory_material4, compiling. 
[2016.11.15-11.53.16:605][161]LogMaterial: Missing cached shader map for material FDebugViewModeMaterialProxy Factory_material, compiling. 
[2016.11.15-11.53.16:612][161]LogMaterial: Missing cached shader map for material FDebugViewModeMaterialProxy Factory_material2, compiling. 
[2016.11.15-11.53.16:618][161]LogMaterial: Missing cached shader map for material FDebugViewModeMaterialProxy Factory_material3, compiling. 
[2016.11.15-11.53.16:628][161]LogMaterial: Missing cached shader map for material FDebugViewModeMaterialProxy MatineeCam_mat, compiling. 
[2016.11.15-11.53.16:635][161]LogMaterial: Missing cached shader map for material FDebugViewModeMaterialProxy Tube_material, compiling. 
[2016.11.15-11.53.17:604][161]LogLevel:Display: Export Material TexCoord Scales took 0.010 seconds.
[2016.11.15-11.53.17:650][161]TextureStreamingBuild:Display: Build Texture Streaming took 0.046 seconds.
[2016.11.15-11.53.17:661][161]LightingResults: New page: Lighting Build - Nov 15, 2016, 1:53:17 PM
[2016.11.15-11.53.17:670][161]LogSwarmInterface: [OpenConnection] Registering TCP channel ...
[2016.11.15-11.53.17:672][161]LogSwarmInterface: [OpenConnection] Connecting to agent ...
[2016.11.15-11.53.17:672][161]LogSwarmInterface: [TryOpenConnection] Testing the Agent
[2016.11.15-11.53.17:673][161]LogSwarmInterface: [TryOpenConnection] Opening Connection to Agent
[2016.11.15-11.53.17:673][161]LogSwarmInterface: [TryOpenConnection] Local Process ID is 13092
[2016.11.15-11.53.19:321][161]LogStaticLightingSystem:Warning: No importance volume found, so the scene bounding box was used.  You can optimize your scene's quality and lighting build times by adding importance volumes.
[2016.11.15-11.53.19:321][161]LogStaticLightingSystem: Running Lightmass w/ ImmediateImport mode ENABLED
[2016.11.15-11.53.19:321][161]LogStaticLightingSystem: Running Lightmass w/ ImmediateProcess mode ENABLED
[2016.11.15-11.53.19:321][161]LogStaticLightingSystem: Running Lightmass w/ Sorting mode ENABLED
[2016.11.15-11.53.19:322][161]LogStaticLightingSystem: Running Lightmass w/ Mapping paddings ENABLED
[2016.11.15-11.53.19:322][161]LogStaticLightingSystem: Running Lightmass w/ Mapping debug paddings DISABLED
[2016.11.15-11.53.19:513][161]Cmd: MAP CHECK DONTDISPLAYDIALOG
[2016.11.15-11.53.19:513][161]MapCheck: New page: Factory - Nov 15, 2016, 1:53:19 PM
[2016.11.15-11.53.19:646][161]MapCheck: Info Map check complete: 0 Error(s), 0 Warning(s), took 133.217ms to complete.
[2016.11.15-11.53.19:668][161]LogEditorBuildUtils: Build time 0:03
[2016.11.15-11.53.24:993][431]Job is a success!
[2016.11.15-11.53.25:114][432]LogTexture:Display: Building textures: HQ_Lightmap0_1 (AutoDXT)
[2016.11.15-11.53.25:114][432]LogTexture:Display: Building textures: LQ_Lightmap_0_1 (DXT1)
[2016.11.15-11.53.25:139][432]Lightmass on LAPTOPSAM: 4.35 sec total, 270 ms importing, 248 ms setup, 414 ms photons, 3.40 sec processing, 0 ms extra exporting [21/21 mappings]. Threads: 23.6 sec total, 6.00 sec processing.
[2016.11.15-11.53.25:146][432]LogStaticLightingSystem: Illumination: 7.45 sec (42 ms encoding lightmaps, 0 ms encoding shadowmaps)
[2016.11.15-11.53.25:146][432]LogStaticLightingSystem: Lightmap texture memory:  0.5 MB (0.5 MB streaming, 0.0 MB non-streaming), 2 textures
[2016.11.15-11.53.25:146][432]LogStaticLightingSystem: Shadowmap texture memory: 0.0 MB (0.0 MB streaming, 0.0 MB non-streaming), 0 textures
[2016.11.15-11.53.25:349][433]Cmd: MAP CHECK NOTIFYRESULTS
[2016.11.15-11.53.25:349][433]MapCheck: New page: Factory - Nov 15, 2016, 1:53:25 PM
[2016.11.15-11.53.25:475][433]MapCheck: Info Map check complete: 0 Error(s), 0 Warning(s), took 125.779ms to complete.
[2016.11.15-11.53.27:144][522]LogPlayLevel: PlayLevel: No blueprints needed recompiling
[2016.11.15-11.53.27:144][522]PIE: New page: SIE session: Factory (Nov 15, 2016, 1:53:27 PM)
[2016.11.15-11.53.27:144][522]LogPlayLevel: Creating play world package: /Game/Levels/UEDPIE_0_Factory
[2016.11.15-11.53.27:149][522]LogPlayLevel: PIE: StaticDuplicateObject took: (0.005473s)
[2016.11.15-11.53.27:150][522]LogAIModule: Creating AISystem for world Factory
[2016.11.15-11.53.27:151][522]LogPlayLevel: PIE: World Init took: (0.001448s)
[2016.11.15-11.53.27:151][522]LogPlayLevel: PIE: Created PIE world by copying editor world from /Game/Levels/Factory.Factory to /Game/Levels/UEDPIE_0_Factory.Factory (0.007225s)
[2016.11.15-11.53.27:170][522]LogInit: XAudio2 using 'Speakers (Realtek High Definition Audio)' : 2 channels at 48 kHz using 32 bits per sample (channel mask 0x3)
[2016.11.15-11.53.27:181][522]LogInit: FAudioDevice initialized.
[2016.11.15-11.53.27:214][522]LogWorld: Game class is 'GameMode'
[2016.11.15-11.53.27:220][522]LogWorld: Bringing World /Game/Levels/UEDPIE_0_Factory.Factory up for play (max tick rate 60) at 2016.11.15-12.53.27
[2016.11.15-11.53.27:221][522]LogWorld: Bringing up level for play took: 0.006134
[2016.11.15-11.53.27:222][522]LogGameMode:Display: Match State Changed from EnteringMap to WaitingToStart
[2016.11.15-11.53.27:223][522]LogGameState: Match State Changed from EnteringMap to WaitingToStart
[2016.11.15-11.53.27:224][522]PIE: Info Play in editor start time for /Game/Levels/UEDPIE_0_Factory -0.619
[2016.11.15-11.53.46:043][213]LogEditorViewport: Clicking on Actor (LMB): StaticMeshActor (Lightfixture8)
[2016.11.15-11.54.08:892][934]LogEditorViewport: Clicking on Actor (context menu): StaticMeshActor (Wall4_8x12x0.5m)
[2016.11.15-11.54.41:212][673]LogInit: Transaction tracking system initialized
[2016.11.15-11.54.41:213][673]EditorErrors: New page: Matinee Initialization
[2016.11.15-11.54.52:507][132]LogPlayLevel: PlayLevel: No blueprints needed recompiling
[2016.11.15-11.54.52:508][132]PIE: New page: SIE session: Factory (Nov 15, 2016, 1:54:52 PM)
[2016.11.15-11.54.52:508][132]LogPlayLevel: Creating play world package: /Game/Levels/UEDPIE_0_Factory
[2016.11.15-11.54.52:513][132]LogPlayLevel: PIE: StaticDuplicateObject took: (0.005138s)
[2016.11.15-11.54.52:514][132]LogAIModule: Creating AISystem for world Factory
[2016.11.15-11.54.52:514][132]LogPlayLevel: PIE: World Init took: (0.001407s)
[2016.11.15-11.54.52:515][132]LogPlayLevel: PIE: Created PIE world by copying editor world from /Game/Levels/Factory.Factory to /Game/Levels/UEDPIE_0_Factory.Factory (0.006838s)
[2016.11.15-11.54.52:526][132]LogExit: Transaction tracking system shut down
[2016.11.15-11.54.52:533][132]LogInit: XAudio2 using 'Speakers (Realtek High Definition Audio)' : 2 channels at 48 kHz using 32 bits per sample (channel mask 0x3)
[2016.11.15-11.54.52:546][132]LogInit: FAudioDevice initialized.
[2016.11.15-11.54.52:580][132]LogWorld: Game class is 'GameMode'
[2016.11.15-11.54.52:587][132]LogWorld: Bringing World /Game/Levels/UEDPIE_0_Factory.Factory up for play (max tick rate 60) at 2016.11.15-12.54.52
[2016.11.15-11.54.52:588][132]LogWorld: Bringing up level for play took: 0.006532
[2016.11.15-11.54.52:589][132]LogGameMode:Display: Match State Changed from EnteringMap to WaitingToStart
[2016.11.15-11.54.52:590][132]LogGameState: Match State Changed from EnteringMap to WaitingToStart
[2016.11.15-11.54.52:590][132]PIE: Info Play in editor start time for /Game/Levels/UEDPIE_0_Factory 0.747
[2016.11.15-11.55.03:017][465]LogEditorViewport: Clicking on Actor (context menu): StaticMeshActor (Roof)
[2016.11.15-11.55.05:757][530]LogEditorViewport: Clicking on Actor (context menu): StaticMeshActor (Roof_balk2)
[2016.11.15-11.55.16:799][813]LogEditorViewport: Clicking on Actor (LMB): StaticMeshActor (Roof_balk)
[2016.11.15-11.55.28:552][276]LogEditorViewport: Clicking on Actor (LMB): StaticMeshActor (Lightfixture7)
[2016.11.15-11.55.30:968][346]PIE:Warning: Warning Mobility of Lightfixture7 : StaticMeshComponent0 has to be 'Movable' if you'd like to move. 
[2016.11.15-11.55.30:968][346]PIE:Warning: Warning Mobility of Lightfixture7 : StaticMeshComponent0 has to be 'Movable' if you'd like to move. 
[2016.11.15-11.55.31:045][347]PIE:Warning: Warning Mobility of Lightfixture7 : StaticMeshComponent0 has to be 'Movable' if you'd like to move. 
[2016.11.15-11.55.31:045][347]PIE:Warning: Warning Mobility of Lightfixture7 : StaticMeshComponent0 has to be 'Movable' if you'd like to move. 
[2016.11.15-11.55.31:083][348]PIE:Warning: Warning Mobility of Lightfixture7 : StaticMeshComponent0 has to be 'Movable' if you'd like to move. 
[2016.11.15-11.55.31:083][348]PIE:Warning: Warning Mobility of Lightfixture7 : StaticMeshComponent0 has to be 'Movable' if you'd like to move. 
[2016.11.15-11.55.31:159][350]PIE:Warning: Warning Mobility of Lightfixture7 : StaticMeshComponent0 has to be 'Movable' if you'd like to move. 
[2016.11.15-11.55.31:159][350]PIE:Warning: Warning Mobility of Lightfixture7 : StaticMeshComponent0 has to be 'Movable' if you'd like to move. 
[2016.11.15-11.55.31:235][352]PIE:Warning: Warning Mobility of Lightfixture7 : StaticMeshComponent0 has to be 'Movable' if you'd like to move. 
[2016.11.15-11.55.31:236][352]PIE:Warning: Warning Mobility of Lightfixture7 : StaticMeshComponent0 has to be 'Movable' if you'd like to move. 
[2016.11.15-11.55.31:274][353]PIE:Warning: Warning Mobility of Lightfixture7 : StaticMeshComponent0 has to be 'Movable' if you'd like to move. 
[2016.11.15-11.55.31:274][353]PIE:Warning: Warning Mobility of Lightfixture7 : StaticMeshComponent0 has to be 'Movable' if you'd like to move. 
[2016.11.15-11.55.31:351][355]PIE:Warning: Warning Mobility of Lightfixture7 : StaticMeshComponent0 has to be 'Movable' if you'd like to move. 
[2016.11.15-11.55.31:351][355]PIE:Warning: Warning Mobility of Lightfixture7 : StaticMeshComponent0 has to be 'Movable' if you'd like to move. 
[2016.11.15-11.55.31:389][356]PIE:Warning: Warning Mobility of Lightfixture7 : StaticMeshComponent0 has to be 'Movable' if you'd like to move. 
[2016.11.15-11.55.31:389][356]PIE:Warning: Warning Mobility of Lightfixture7 : StaticMeshComponent0 has to be 'Movable' if you'd like to move. 
[2016.11.15-11.55.31:426][357]PIE:Warning: Warning Mobility of Lightfixture7 : StaticMeshComponent0 has to be 'Movable' if you'd like to move. 
[2016.11.15-11.55.31:427][357]PIE:Warning: Warning Mobility of Lightfixture7 : StaticMeshComponent0 has to be 'Movable' if you'd like to move. 
[2016.11.15-11.55.31:464][358]PIE:Warning: Warning Mobility of Lightfixture7 : StaticMeshComponent0 has to be 'Movable' if you'd like to move. 
[2016.11.15-11.55.31:465][358]PIE:Warning: Warning Mobility of Lightfixture7 : StaticMeshComponent0 has to be 'Movable' if you'd like to move. 
[2016.11.15-11.55.31:618][362]PIE:Warning: Warning Mobility of Lightfixture7 : StaticMeshComponent0 has to be 'Movable' if you'd like to move. 
[2016.11.15-11.55.31:618][362]PIE:Warning: Warning Mobility of Lightfixture7 : StaticMeshComponent0 has to be 'Movable' if you'd like to move. 
[2016.11.15-11.55.37:907][640]Cmd: SELECT NONE
[2016.11.15-11.55.41:171][735]Cmd: QUIT_EDITOR
[2016.11.15-11.55.41:825][735]LogWindowsTextInputMethodSystem:Display: IME system now deactivated.
[2016.11.15-11.55.41:826][735]LogWindowsTextInputMethodSystem:Display: IME system now deactivated.
[2016.11.15-11.55.41:855][735]LogExit: Preparing to exit.
[2016.11.15-11.55.42:886][735]LogDirectoryWatcher: A directory notification for 'C:/Users/Laptop Sam/Documents/GitHub/VR_experience_final/Tesla_Experience/Content/' was aborted.
[2016.11.15-11.55.42:967][735]LogExit: Editor shut down
[2016.11.15-11.55.42:969][735]LogExit: Transaction tracking system shut down
[2016.11.15-11.55.43:205][735]LogObj: Freed 0b from 0 cluster array pools.
[2016.11.15-11.55.43:206][735]LogExit: Object subsystem successfully closed.
[2016.11.15-11.55.43:241][735]LogD3D11RHI: Shutdown
[2016.11.15-11.55.43:241][735]LogD3D11RHI: CleanupD3DDevice
[2016.11.15-11.55.43:351][735]LogD3D11RHI: ~FD3D11DynamicRHI
[2016.11.15-11.55.43:386][735]LogModuleManager: Shutting down and abandoning module MovieSceneCapture (237)
[2016.11.15-11.55.43:386][735]LogModuleManager: Shutting down and abandoning module HierarchicalLODUtilities (236)
[2016.11.15-11.55.43:386][735]LogModuleManager: Shutting down and abandoning module DistCurveEditor (235)
[2016.11.15-11.55.43:386][735]LogModuleManager: Shutting down and abandoning module Matinee (234)
[2016.11.15-11.55.43:386][735]LogModuleManager: Shutting down and abandoning module HierarchicalLODOutliner (233)
[2016.11.15-11.55.43:386][735]LogModuleManager: Shutting down and abandoning module CrashTracker (232)
[2016.11.15-11.55.43:386][735]LogModuleManager: Shutting down and abandoning module SceneOutliner (231)
[2016.11.15-11.55.43:386][735]LogModuleManager: Shutting down and abandoning module WidgetCarousel (230)
[2016.11.15-11.55.43:386][735]LogModuleManager: Shutting down and abandoning module AddContentDialog (229)
[2016.11.15-11.55.43:387][735]LogDirectoryWatcher: A directory notification for 'C:/Program Files (x86)/Epic Games/4.13/FeaturePacks/' was aborted.
[2016.11.15-11.55.43:393][735]LogModuleManager: Shutting down and abandoning module GameplayTags (228)
[2016.11.15-11.55.43:393][735]LogModuleManager: Shutting down and abandoning module EditorWidgets (227)
[2016.11.15-11.55.43:393][735]LogModuleManager: Shutting down and abandoning module CollectionManager (226)
[2016.11.15-11.55.43:393][735]LogDirectoryWatcher: A directory notification for 'C:/Users/Laptop Sam/Documents/GitHub/VR_experience_final/Tesla_Experience/Content/Collections/' was aborted.
[2016.11.15-11.55.43:393][735]LogDirectoryWatcher: A directory notification for 'C:/Users/Laptop Sam/Documents/GitHub/VR_experience_final/Tesla_Experience/Content/Developers/LaptopSam/Collections/' was aborted.
[2016.11.15-11.55.43:393][735]LogDirectoryWatcher: A directory notification for 'C:/Users/Laptop Sam/Documents/GitHub/VR_experience_final/Tesla_Experience/Saved/Collections/' was aborted.
[2016.11.15-11.55.43:393][735]LogModuleManager: Shutting down and abandoning module StatsViewer (225)
[2016.11.15-11.55.43:393][735]LogModuleManager: Shutting down and abandoning module FoliageEdit (224)
[2016.11.15-11.55.43:393][735]LogModuleManager: Shutting down and abandoning module LandscapeEditor (223)
[2016.11.15-11.55.43:394][735]LogModuleManager: Shutting down and abandoning module SceneDepthPickerMode (222)
[2016.11.15-11.55.43:394][735]LogModuleManager: Shutting down and abandoning module ActorPickerMode (221)
[2016.11.15-11.55.43:394][735]LogModuleManager: Shutting down and abandoning module GeometryMode (220)
[2016.11.15-11.55.43:394][735]LogModuleManager: Shutting down and abandoning module TextureAlignMode (219)
[2016.11.15-11.55.43:394][735]LogModuleManager: Shutting down and abandoning module BspMode (218)
[2016.11.15-11.55.43:394][735]LogModuleManager: Shutting down and abandoning module HardwareSurvey (217)
[2016.11.15-11.55.43:394][735]LogModuleManager: Shutting down and abandoning module SequenceRecorderSections (216)
[2016.11.15-11.55.43:394][735]LogModuleManager: Shutting down and abandoning module SequenceRecorder (215)
[2016.11.15-11.55.43:394][735]LogModuleManager: Shutting down and abandoning module AutomationWorker (214)
[2016.11.15-11.55.43:394][735]LogModuleManager: Shutting down and abandoning module MatineeToLevelSequence (213)
[2016.11.15-11.55.43:394][735]LogModuleManager: Shutting down and abandoning module PlacementMode (212)
[2016.11.15-11.55.43:394][735]LogModuleManager: Shutting down and abandoning module LevelSequenceEditor (211)
[2016.11.15-11.55.43:394][735]LogModuleManager: Shutting down and abandoning module WmfMediaFactory (210)
[2016.11.15-11.55.43:394][735]LogModuleManager: Shutting down and abandoning module WmfMediaEditor (209)
[2016.11.15-11.55.43:394][735]LogModuleManager: Shutting down and abandoning module AvfMediaFactory (208)
[2016.11.15-11.55.43:394][735]LogModuleManager: Shutting down and abandoning module AvfMediaEditor (207)
[2016.11.15-11.55.43:394][735]LogModuleManager: Shutting down and abandoning module Media (206)
[2016.11.15-11.55.43:394][735]LogModuleManager: Shutting down and abandoning module AndroidMediaFactory (205)
[2016.11.15-11.55.43:394][735]LogModuleManager: Shutting down and abandoning module AndroidMediaEditor (204)
[2016.11.15-11.55.43:394][735]LogModuleManager: Shutting down and abandoning module CharacterAI (203)
[2016.11.15-11.55.43:394][735]LogModuleManager: Shutting down and abandoning module SmartSnapping (202)
[2016.11.15-11.55.43:394][735]LogModuleManager: Shutting down and abandoning module SessionServices (201)
[2016.11.15-11.55.43:394][735]LogModuleManager: Shutting down and abandoning module ViewportSnapping (200)
[2016.11.15-11.55.43:394][735]LogModuleManager: Shutting down and abandoning module ViewportInteraction (199)
[2016.11.15-11.55.43:394][735]LogModuleManager: Shutting down and abandoning module LogVisualizer (198)
[2016.11.15-11.55.43:394][735]LogModuleManager: Shutting down and abandoning module GameProjectGeneration (197)
[2016.11.15-11.55.43:394][735]LogModuleManager: Shutting down and abandoning module IntroTutorials (196)
[2016.11.15-11.55.43:395][735]LogModuleManager: Shutting down and abandoning module EditorLiveStreaming (195)
[2016.11.15-11.55.43:395][735]LogModuleManager: Shutting down and abandoning module IOSPlatformEditor (194)
[2016.11.15-11.55.43:395][735]LogModuleManager: Shutting down and abandoning module HTML5PlatformEditor (193)
[2016.11.15-11.55.43:395][735]LogModuleManager: Shutting down and abandoning module AndroidDeviceDetection (192)
[2016.11.15-11.55.44:167][735]LogModuleManager: Shutting down and abandoning module AndroidPlatformEditor (191)
[2016.11.15-11.55.44:167][735]LogModuleManager: Shutting down and abandoning module IOSRuntimeSettings (190)
[2016.11.15-11.55.44:168][735]LogModuleManager: Shutting down and abandoning module AndroidRuntimeSettings (189)
[2016.11.15-11.55.44:168][735]LogModuleManager: Shutting down and abandoning module NiagaraEditor (188)
[2016.11.15-11.55.44:168][735]LogModuleManager: Shutting down and abandoning module MergeActors (187)
[2016.11.15-11.55.44:168][735]LogModuleManager: Shutting down and abandoning module SizeMap (186)
[2016.11.15-11.55.44:168][735]LogModuleManager: Shutting down and abandoning module TreeMap (185)
[2016.11.15-11.55.44:168][735]LogModuleManager: Shutting down and abandoning module ReferenceViewer (184)
[2016.11.15-11.55.44:168][735]LogModuleManager: Shutting down and abandoning module LocalizationService (183)
[2016.11.15-11.55.44:168][735]LogModuleManager: Shutting down and abandoning module LocalizationDashboard (182)
[2016.11.15-11.55.44:168][735]LogModuleManager: Shutting down and abandoning module HardwareTargeting (181)
[2016.11.15-11.55.44:168][735]LogModuleManager: Shutting down and abandoning module DeviceProfileEditor (180)
[2016.11.15-11.55.44:168][735]LogModuleManager: Shutting down and abandoning module UndoHistory (179)
[2016.11.15-11.55.44:168][735]LogModuleManager: Shutting down and abandoning module UserFeedback (178)
[2016.11.15-11.55.44:168][735]LogModuleManager: Shutting down and abandoning module XmlParser (177)
[2016.11.15-11.55.44:168][735]LogModuleManager: Shutting down and abandoning module Blutility (176)
[2016.11.15-11.55.44:168][735]LogModuleManager: Shutting down and abandoning module ProjectTargetPlatformEditor (175)
[2016.11.15-11.55.44:169][735]LogModuleManager: Shutting down and abandoning module ProjectSettingsViewer (174)
[2016.11.15-11.55.44:169][735]LogModuleManager: Shutting down and abandoning module InputBindingEditor (173)
[2016.11.15-11.55.44:170][735]LogModuleManager: Shutting down and abandoning module EditorSettingsViewer (172)
[2016.11.15-11.55.44:170][735]LogModuleManager: Shutting down and abandoning module SettingsEditor (171)
[2016.11.15-11.55.44:170][735]LogModuleManager: Shutting down and abandoning module ProjectLauncher (170)
[2016.11.15-11.55.44:170][735]LogModuleManager: Shutting down and abandoning module SessionFrontend (169)
[2016.11.15-11.55.44:170][735]LogModuleManager: Shutting down and abandoning module ProfilerClient (168)
[2016.11.15-11.55.44:170][735]LogModuleManager: Shutting down and abandoning module TargetDeviceServices (167)
[2016.11.15-11.55.44:170][735]LogModuleManager: Shutting down and abandoning module DeviceManager (166)
[2016.11.15-11.55.44:216][735]LogModuleManager: Shutting down and abandoning module AutomationController (165)
[2016.11.15-11.55.44:216][735]LogModuleManager: Shutting down and abandoning module AutomationWindow (164)
[2016.11.15-11.55.44:217][735]LogModuleManager: Shutting down and abandoning module Layers (163)
[2016.11.15-11.55.44:217][735]LogModuleManager: Shutting down and abandoning module ComponentVisualizers (162)
[2016.11.15-11.55.44:217][735]LogModuleManager: Shutting down and abandoning module DetailCustomizations (161)
[2016.11.15-11.55.44:217][735]LogModuleManager: Shutting down and abandoning module PackagesDialog (160)
[2016.11.15-11.55.44:218][735]LogModuleManager: Shutting down and abandoning module AnimGraph (159)
[2016.11.15-11.55.44:218][735]LogModuleManager: Shutting down and abandoning module Persona (158)
[2016.11.15-11.55.44:218][735]LogModuleManager: Shutting down and abandoning module Kismet (157)
[2016.11.15-11.55.44:219][735]LogModuleManager: Shutting down and abandoning module GraphEditor (156)
[2016.11.15-11.55.44:220][735]LogModuleManager: Shutting down and abandoning module ClassViewer (155)
[2016.11.15-11.55.44:220][735]LogModuleManager: Shutting down and abandoning module Toolbox (154)
[2016.11.15-11.55.44:220][735]LogModuleManager: Shutting down and abandoning module ModuleUI (153)
[2016.11.15-11.55.44:220][735]LogModuleManager: Shutting down and abandoning module MovieSceneTools (152)
[2016.11.15-11.55.44:229][735]LogModuleManager: Shutting down and abandoning module OutputLog (151)
[2016.11.15-11.55.44:229][735]LogModuleManager: Shutting down and abandoning module GammaUI (150)
[2016.11.15-11.55.44:229][735]LogModuleManager: Shutting down and abandoning module Documentation (149)
[2016.11.15-11.55.44:229][735]LogModuleManager: Shutting down and abandoning module Niagara (148)
[2016.11.15-11.55.44:229][735]LogModuleManager: Shutting down and abandoning module StreamingPauseRendering (147)
[2016.11.15-11.55.44:229][735]LogModuleManager: Shutting down and abandoning module AnalyticsET (146)
[2016.11.15-11.55.44:229][735]LogModuleManager: Shutting down and abandoning module PortalServices (145)
[2016.11.15-11.55.44:229][735]LogModuleManager: Shutting down and abandoning module PortalRpc (144)
[2016.11.15-11.55.44:229][735]LogModuleManager: Shutting down and abandoning module MessagingRpc (143)
[2016.11.15-11.55.44:229][735]LogModuleManager: Shutting down and abandoning module GameplayDebugger (142)
[2016.11.15-11.55.44:229][735]LogModuleManager: Shutting down and abandoning module AITestSuite (141)
[2016.11.15-11.55.44:229][735]LogModuleManager: Shutting down and abandoning module AIModule (140)
[2016.11.15-11.55.44:229][735]LogModuleManager: Shutting down and abandoning module ProfilerService (139)
[2016.11.15-11.55.44:480][735]LogModuleManager: Shutting down and abandoning module TaskGraph (138)
[2016.11.15-11.55.44:480][735]LogModuleManager: Shutting down and abandoning module SlateRemote (137)
[2016.11.15-11.55.44:480][735]LogModuleManager: Shutting down and abandoning module SteamVRController (136)
[2016.11.15-11.55.44:480][735]LogModuleManager: Shutting down and abandoning module SteamVR (135)
[2016.11.15-11.55.44:480][735]LogModuleManager: Shutting down and abandoning module ProceduralMeshComponentEditor (134)
[2016.11.15-11.55.44:480][735]LogModuleManager: Shutting down and abandoning module ProceduralMeshComponent (133)
[2016.11.15-11.55.44:480][735]LogModuleManager: Shutting down and abandoning module OculusLibrary (132)
[2016.11.15-11.55.44:480][735]LogModuleManager: Shutting down and abandoning module OculusInput (131)
[2016.11.15-11.55.44:480][735]LogModuleManager: Shutting down and abandoning module CustomMeshComponent (130)
[2016.11.15-11.55.44:480][735]LogModuleManager: Shutting down and abandoning module CableComponent (129)
[2016.11.15-11.55.44:480][735]LogModuleManager: Shutting down and abandoning module ArchVisCharacter (128)
[2016.11.15-11.55.44:480][735]LogModuleManager: Shutting down and abandoning module MediaPlayerEditor (126)
[2016.11.15-11.55.44:480][735]LogModuleManager: Shutting down and abandoning module HTML5Networking (125)
[2016.11.15-11.55.44:480][735]LogModuleManager: Shutting down and abandoning module GeometryCacheEd (124)
[2016.11.15-11.55.44:480][735]LogModuleManager: Shutting down and abandoning module GeometryCache (123)
[2016.11.15-11.55.44:480][735]LogModuleManager: Shutting down and abandoning module AlembicLibrary (122)
[2016.11.15-11.55.44:480][735]LogModuleManager: Shutting down and abandoning module AlembicImporter (121)
[2016.11.15-11.55.44:480][735]LogModuleManager: Shutting down and abandoning module SuperSearch (120)
[2016.11.15-11.55.44:480][735]LogModuleManager: Shutting down and abandoning module SuperSearchEditor (119)
[2016.11.15-11.55.44:480][735]LogModuleManager: Shutting down and abandoning module SpeedTreeImporter (118)
[2016.11.15-11.55.44:480][735]LogModuleManager: Shutting down and abandoning module PluginBrowser (117)
[2016.11.15-11.55.44:480][735]LogModuleManager: Shutting down and abandoning module MobileLauncherProfileWizard (116)
[2016.11.15-11.55.44:480][735]LogModuleManager: Shutting down and abandoning module EpicSurvey (115)
[2016.11.15-11.55.44:480][735]LogModuleManager: Shutting down and abandoning module DesktopPlatform (114)
[2016.11.15-11.55.44:481][735]LogModuleManager: Shutting down and abandoning module VisualStudioSourceCodeAccess (113)
[2016.11.15-11.55.44:481][735]LogModuleManager: Shutting down and abandoning module UObjectPlugin (112)
[2016.11.15-11.55.44:481][735]LogModuleManager: Shutting down and abandoning module SubversionSourceControl (111)
[2016.11.15-11.55.44:481][735]LogModuleManager: Shutting down and abandoning module PerforceSourceControl (110)
[2016.11.15-11.55.44:481][735]LogModuleManager: Shutting down and abandoning module SourceControl (109)
[2016.11.15-11.55.44:481][735]LogModuleManager: Shutting down and abandoning module GitSourceControl (108)
[2016.11.15-11.55.44:481][735]LogModuleManager: Shutting down and abandoning module LightPropagationVolumeEditor (107)
[2016.11.15-11.55.44:481][735]LogModuleManager: Shutting down and abandoning module PaperTiledImporter (106)
[2016.11.15-11.55.44:481][735]LogModuleManager: Shutting down and abandoning module PaperSpriteSheetImporter (105)
[2016.11.15-11.55.44:481][735]LogModuleManager: Shutting down and abandoning module MeshPaint (104)
[2016.11.15-11.55.44:481][735]LogModuleManager: Shutting down and abandoning module FbxAutomationBuilderModule (103)
[2016.11.15-11.55.44:481][735]LogModuleManager: Shutting down and abandoning module PixelInspectorModule (102)
[2016.11.15-11.55.44:481][735]LogModuleManager: Shutting down and abandoning module HotReload (101)
[2016.11.15-11.55.44:482][735]LogModuleManager: Shutting down and abandoning module MainFrame (100)
[2016.11.15-11.55.44:482][735]LogModuleManager: Shutting down and abandoning module LevelEditor (99)
[2016.11.15-11.55.44:486][735]LogModuleManager: Shutting down and abandoning module ContentBrowser (98)
[2016.11.15-11.55.44:490][735]LogModuleManager: Shutting down and abandoning module Paper2DEditor (97)
[2016.11.15-11.55.44:490][735]LogModuleManager: Shutting down and abandoning module UdpMessaging (96)
[2016.11.15-11.55.44:591][735]LogModuleManager: Shutting down and abandoning module TcpMessaging (95)
[2016.11.15-11.55.44:691][735]LogModuleManager: Shutting down and abandoning module LightPropagationVolumeRuntime (94)
[2016.11.15-11.55.44:691][735]LogModuleManager: Shutting down and abandoning module Paper2D (93)
[2016.11.15-11.55.44:691][735]LogModuleManager: Shutting down and abandoning module WindowsMoviePlayer (92)
[2016.11.15-11.55.44:691][735]LogModuleManager: Shutting down and abandoning module WmfMedia (91)
[2016.11.15-11.55.44:692][735]LogModuleManager: Shutting down and abandoning module MediaAssets (90)
[2016.11.15-11.55.44:692][735]LogModuleManager: Shutting down and abandoning module GameLiveStreaming (89)
[2016.11.15-11.55.44:692][735]LogModuleManager: Shutting down and abandoning module GameplayTagsEditor (88)
[2016.11.15-11.55.44:692][735]LogModuleManager: Shutting down and abandoning module VREditor (87)
[2016.11.15-11.55.44:692][735]LogModuleManager: Shutting down and abandoning module GameplayTasksEditor (86)
[2016.11.15-11.55.44:692][735]LogModuleManager: Shutting down and abandoning module PropertyEditor (85)
[2016.11.15-11.55.44:692][735]LogModuleManager: Shutting down and abandoning module BehaviorTreeEditor (84)
[2016.11.15-11.55.44:692][735]LogModuleManager: Shutting down and abandoning module FunctionalTesting (83)
[2016.11.15-11.55.44:692][735]LogModuleManager: Shutting down and abandoning module CollisionAnalyzer (82)
[2016.11.15-11.55.44:692][735]LogModuleManager: Shutting down and abandoning module Sequencer (81)
[2016.11.15-11.55.44:692][735]LogModuleManager: Shutting down and abandoning module WorkspaceMenuStructure (80)
[2016.11.15-11.55.44:692][735]LogModuleManager: Shutting down and abandoning module MessageLog (79)
[2016.11.15-11.55.44:692][735]LogModuleManager: Shutting down and abandoning module AssetTools (78)
[2016.11.15-11.55.44:692][735]LogModuleManager: Shutting down and abandoning module UMGEditor (77)
[2016.11.15-11.55.44:693][735]LogModuleManager: Shutting down and abandoning module UMG (76)
[2016.11.15-11.55.44:693][735]LogModuleManager: Shutting down and abandoning module SlateReflector (75)
[2016.11.15-11.55.44:693][735]LogModuleManager: Shutting down and abandoning module Slate (74)
[2016.11.15-11.55.44:694][735]LogModuleManager: Shutting down and abandoning module EditorStyle (73)
[2016.11.15-11.55.44:701][735]LogModuleManager: Shutting down and abandoning module SourceCodeAccess (72)
[2016.11.15-11.55.44:701][735]LogModuleManager: Shutting down and abandoning module HeadMountedDisplay (71)
[2016.11.15-11.55.44:701][735]LogModuleManager: Shutting down and abandoning module XAudio2 (70)
[2016.11.15-11.55.44:701][735]LogModuleManager: Shutting down and abandoning module Networking (68)
[2016.11.15-11.55.44:701][735]LogModuleManager: Shutting down and abandoning module Core (67)
[2016.11.15-11.55.44:701][735]LogModuleManager: Shutting down and abandoning module DirectoryWatcher (66)
[2016.11.15-11.55.44:701][735]LogDirectoryWatcher: A directory notification for '../../../Engine/Content/' was aborted.
[2016.11.15-11.55.44:704][735]LogDirectoryWatcher: A directory notification for '../../../../../../Users/Laptop Sam/Documents/GitHub/VR_experience_final/Tesla_Experience/Content/' was aborted.
[2016.11.15-11.55.44:705][735]LogDirectoryWatcher: A directory notification for '../../../Engine/Plugins/2D/Paper2D/Content/' was aborted.
[2016.11.15-11.55.44:710][735]LogModuleManager: Shutting down and abandoning module AssetRegistry (65)
[2016.11.15-11.55.44:981][735]LogModuleManager: Shutting down and abandoning module KismetCompiler (64)
[2016.11.15-11.55.44:981][735]LogModuleManager: Shutting down and abandoning module PhysXFormats (63)
[2016.11.15-11.55.44:981][735]LogModuleManager: Shutting down and abandoning module MeshUtilities (62)
[2016.11.15-11.55.44:981][735]LogModuleManager: Shutting down and abandoning module DerivedDataCache (61)
[2016.11.15-11.55.45:042][735]LogDerivedDataCache: Shutdown
[2016.11.15-11.55.45:042][735]LogModuleManager: Shutting down and abandoning module VulkanShaderFormat (60)
[2016.11.15-11.55.45:042][735]LogModuleManager: Shutting down and abandoning module ShaderFormatOpenGL (59)
[2016.11.15-11.55.45:042][735]LogModuleManager: Shutting down and abandoning module ShaderFormatD3D (58)
[2016.11.15-11.55.45:042][735]LogModuleManager: Shutting down and abandoning module MetalShaderFormat (57)
[2016.11.15-11.55.45:042][735]LogModuleManager: Shutting down and abandoning module TextureFormatUncompressed (56)
[2016.11.15-11.55.45:042][735]LogModuleManager: Shutting down and abandoning module TextureFormatPVR (55)
[2016.11.15-11.55.45:042][735]LogModuleManager: Shutting down and abandoning module TextureFormatDXT (54)
[2016.11.15-11.55.45:042][735]LogModuleManager: Shutting down and abandoning module TextureFormatIntelISPCTexComp (53)
[2016.11.15-11.55.45:043][735]LogModuleManager: Shutting down and abandoning module ImageWrapper (52)
[2016.11.15-11.55.45:043][735]LogModuleManager: Shutting down and abandoning module TextureFormatASTC (51)
[2016.11.15-11.55.45:043][735]LogModuleManager: Shutting down and abandoning module TextureFormatAndroid (50)
[2016.11.15-11.55.45:043][735]LogModuleManager: Shutting down and abandoning module AudioFormatOpus (49)
[2016.11.15-11.55.45:043][735]LogModuleManager: Shutting down and abandoning module AudioFormatOgg (48)
[2016.11.15-11.55.45:043][735]LogModuleManager: Shutting down and abandoning module AudioFormatADPCM (47)
[2016.11.15-11.55.45:043][735]LogModuleManager: Shutting down and abandoning module LinuxTargetPlatform (46)
[2016.11.15-11.55.45:043][735]LogModuleManager: Shutting down and abandoning module LinuxServerTargetPlatform (45)
[2016.11.15-11.55.45:043][735]LogModuleManager: Shutting down and abandoning module LinuxNoEditorTargetPlatform (44)
[2016.11.15-11.55.45:043][735]LogModuleManager: Shutting down and abandoning module LinuxClientTargetPlatform (43)
[2016.11.15-11.55.45:043][735]LogModuleManager: Shutting down and abandoning module TVOSTargetPlatform (42)
[2016.11.15-11.55.45:043][735]LogModuleManager: Shutting down and abandoning module Messaging (41)
[2016.11.15-11.55.45:043][735]LogModuleManager: Shutting down and abandoning module IOSTargetPlatform (40)
[2016.11.15-11.55.45:043][735]LogModuleManager: Shutting down and abandoning module HTML5TargetPlatform (39)
[2016.11.15-11.55.45:043][735]LogModuleManager: Shutting down and abandoning module Android_PVRTCTargetPlatform (38)
[2016.11.15-11.55.45:043][735]LogModuleManager: Shutting down and abandoning module Android_MultiTargetPlatform (37)
[2016.11.15-11.55.45:043][735]LogModuleManager: Shutting down and abandoning module Android_ETC2TargetPlatform (36)
[2016.11.15-11.55.45:043][735]LogModuleManager: Shutting down and abandoning module Android_ETC1TargetPlatform (35)
[2016.11.15-11.55.45:043][735]LogModuleManager: Shutting down and abandoning module Android_DXTTargetPlatform (34)
[2016.11.15-11.55.45:043][735]LogModuleManager: Shutting down and abandoning module Android_ATCTargetPlatform (33)
[2016.11.15-11.55.45:043][735]LogModuleManager: Shutting down and abandoning module Android_ASTCTargetPlatform (32)
[2016.11.15-11.55.45:043][735]LogModuleManager: Shutting down and abandoning module AndroidTargetPlatform (31)
[2016.11.15-11.55.45:043][735]LogModuleManager: Shutting down and abandoning module WindowsTargetPlatform (30)
[2016.11.15-11.55.45:043][735]LogModuleManager: Shutting down and abandoning module WindowsServerTargetPlatform (29)
[2016.11.15-11.55.45:043][735]LogModuleManager: Shutting down and abandoning module WindowsNoEditorTargetPlatform (28)
[2016.11.15-11.55.45:043][735]LogModuleManager: Shutting down and abandoning module WindowsClientTargetPlatform (27)
[2016.11.15-11.55.45:043][735]LogModuleManager: Shutting down and abandoning module AllDesktopTargetPlatform (26)
[2016.11.15-11.55.45:043][735]LogModuleManager: Shutting down and abandoning module TargetPlatform (25)
[2016.11.15-11.55.45:043][735]LogModuleManager: Shutting down and abandoning module InputCore (24)
[2016.11.15-11.55.45:043][735]LogModuleManager: Shutting down and abandoning module Settings (23)
[2016.11.15-11.55.45:043][735]LogModuleManager: Shutting down and abandoning module OculusRift (22)
[2016.11.15-11.55.45:046][735]LogHMD: Oculus shutdown.
[2016.11.15-11.55.45:046][735]LogModuleManager: Shutting down and abandoning module GearVR (21)
[2016.11.15-11.55.45:046][735]LogModuleManager: Shutting down and abandoning module ExampleDeviceProfileSelector (20)
[2016.11.15-11.55.45:046][735]LogModuleManager: Shutting down and abandoning module OnlineBlueprintSupport (19)
[2016.11.15-11.55.45:046][735]LogModuleManager: Shutting down and abandoning module OnlineSubsystem (17)
[2016.11.15-11.55.45:046][735]LogOnline:Display: Unloading online subsystem: NULL
[2016.11.15-11.55.45:046][735]LogModuleManager: Shutting down and abandoning module HTTP (16)
[2016.11.15-11.55.45:046][735]LogHttp:Display: Http module shutting down, but needs to wait on 1 outstanding Http requests:
[2016.11.15-11.55.45:046][735]LogHttp:Display: 	verb=[POST] url=[https://datarouter.ol.epicgames.com/datarouter/api/v1/public/data?SessionID=%7B0BCF05FF-4615-A370-CFF9-6FB824FDCDE8%7D&AppID=UEEditor.Rocket.Release&AppVersion=4.13.2-3172292%2B%2B%2BUE4%2BRelease-4.13&UserID=6a6034ca4cceeb229ca60d90005d2f83%7C8f8145b3bbbb4c1ab5ef131e0af64f53%7C869c4247-df52-4c4d-b193-61206253330b&AppEnvironment=datacollector-binary&UploadType=eteventstream] status=Processing
[2016.11.15-11.55.45:055][735]LogModuleManager: Shutting down and abandoning module XMPP (15)
[2016.11.15-11.55.45:055][735]LogModuleManager: Shutting down and abandoning module TextureCompressor (14)
[2016.11.15-11.55.45:055][735]LogModuleManager: Shutting down and abandoning module ShaderCore (13)
[2016.11.15-11.55.45:055][735]LogModuleManager: Shutting down and abandoning module Landscape (12)
[2016.11.15-11.55.45:055][735]LogModuleManager: Shutting down and abandoning module SlateRHIRenderer (11)
[2016.11.15-11.55.45:061][735]LogModuleManager: Shutting down and abandoning module OpenGLDrv (10)
[2016.11.15-11.55.45:061][735]LogModuleManager: Shutting down and abandoning module D3D11RHI (9)
[2016.11.15-11.55.45:061][735]LogModuleManager: Shutting down and abandoning module AnimGraphRuntime (8)
[2016.11.15-11.55.45:061][735]LogModuleManager: Shutting down and abandoning module Renderer (7)
[2016.11.15-11.55.45:061][735]LogModuleManager: Shutting down and abandoning module Engine (6)
[2016.11.15-11.55.45:061][735]LogModuleManager: Shutting down and abandoning module CoreUObject (5)
[2016.11.15-11.55.45:061][735]LogModuleManager: Shutting down and abandoning module NetworkFile (4)
[2016.11.15-11.55.45:061][735]LogModuleManager: Shutting down and abandoning module StreamingFile (3)
[2016.11.15-11.55.45:061][735]LogModuleManager: Shutting down and abandoning module SandboxFile (2)
[2016.11.15-11.55.45:061][735]LogModuleManager: Shutting down and abandoning module PakFile (1)
[2016.11.15-11.55.45:070][735]LogExit: Exiting.
[2016.11.15-11.55.45:078][735]Log file closed, 11/15/16 12:55:45
